  ************************************************************** 
 
  Stochastic GW, v3.0 (Oct/2022) 
 
  ************************************************************** 
 
  Program uses:             8  cores 
  icounter =                0
  scratch_path=
 .                                                                                                   
  scratch_dir=
 ./GW_SCRATCH.0                                                                                      
  Details on the results are in : GW_WORK.0/details_output.txt
  
  Positions in bohr, read from: cnt.ini 
  Number of atoms :               4
  Number of elements:             1
 
  ############ NOW READING RANDOM SEED (KISS ALGORITHM) ############ 
 
   Using 2 files: 
   (I)  counter.inp, with 1 small integer (run counter) modifying seeds 
          run counter =            0
 
   (II) random.inp,  with              6  lines 
          format: line_s,  seed(1:4)          
            1      1328292723921723482       465843787610976291 
         1238272155852012       285837261819111683
            2      3445678193538273923       428101811812099199 
         3338291112838288       233457899181011188
            3      2232345667998282721       233448848321118821 
         2213897875588299       339222817193322919
            4      1292837426446364573       320382827374565487 
         3823347573727627       238475732726262611
            5      3363583475683236724       272234274865828822 
         2438274743767322       444567624677123262
            6      2236563722622622364       222822828282737372 
         4432211143786839       332274728281811811
  
  ############ READING PSEUDOPOTENTIAL FILES ############
 
  Reading pseudopotential file: C.pw-mt_fhi.UPF
  Finished reading PP 
 
  WARNING: potential problem in pseudopotential: <phi_L|phi_L> isnt 1:
  -> atom-charge 6 and L = 3: <phi_L|phi_L> =     1.098047
 
  Finished checking PP 
  Total charge:     16.00000    
 
  NOTE: deterministic tddft, # states modifed from            -1  to:  
            8
  ############# ECHO OF INPUT VARIABLES #############
  MC (total)            =         1024
  # MC_STEP (each core) =          128
  multiplicity (=nsp)   =            1
  work_dir:       = GW_WORK.0
  scratch_dir     = ./GW_SCRATCH.0
  centers units   = bohr
  flgdyn          =  F  i.e., W-RPA   
  det_tddft       =  T
  binary inp.     =  F
  periodic        =  T
  usegpu          =  T
  block_gam_alg   =  F
  scale_vh        =            1
  N_cores (mpi)   =            8
  buffer_size     =            1
  ntddft*nsp      =            8
  orb_indx        =            1
  PP:nrppmx       =         1200
  xc_type         =            2   (LIBXC# 1 12)                         
  projection      =  T
  ekcut           =    32.00000
  dt              =     0.05000
  gamma           =     0.06000
  sm              =     0.00010
  charge_net      =     0.00000
  nxi             =     10000
  segment_fraction=     0.00300
 
  ############ DETERMINED VARIABLES ############ 
  tmax         =    50.00000    
  nw           =         8192
  dw           =   1.5339808E-02
 
  ############## Grid parameters as read  from wf.txt   ############ 
  nx                      18
  ny                      30
  nz                     150
  n                    81000
  dx               0.254734
  dy               0.266023
  dz               0.266667
  dv               0.018071
 
  eorb = eigenvalue( state             1 ) =   -0.8805432    
 
 
  NOTE: memory requirements per core due to psi -- in GB    8.0080003E-02
 
  For atom type             1  intgrl[(-Z/r-vloc(r))d3r] =  
    2.673238861719250     
  shift due to pseudopotential    7.3052883238326725E-003
  segment width           244
 
  <phi|H|phi> computed from orbital from file:   -0.8801003    
                      vs. eorb read from file:   -0.8805432    
 
  Time:  preparation     1.984400    
 
 ######## Accumulative # of Monte Carlo steps :  MC=          8 ######## 
 Completed Monte Carlo steps in each core : MC_STEP=          1
 
 
                    -0.880100                         E                 
                    -0.560828                         <V>               
             8      -2.042743       0.000000          MC, <X>            +-stat.err
             8      -0.253893       0.055793          MC, Sig_R(e_qp)    +-stat.err
             8       0.225467       0.060477          MC, Sig_R(e_ks)    +-stat.err
             8       0.018762       0.005105          MC, Sig_I(e_ks)    +-stat.err
             8       0.687319                         MC, Z             
             8      -1.743681                         MC, Elin          
             8      -2.615908       0.055793          MC, E_qp           +-stat.err
             8       0.227326       0.057423          MC, Ei_qp          +-stat.err
 
  Time:  MC_STEP:             1 => time:     3.123698    
 
 ######## Accumulative # of Monte Carlo steps :  MC=         16 ######## 
 Completed Monte Carlo steps in each core : MC_STEP=          2
 
 
                    -0.880100                         E                 
                    -0.560828                         <V>               
            16      -2.042743       0.000000          MC, <X>            +-stat.err
            16      -0.249264       0.034206          MC, Sig_R(e_qp)    +-stat.err
            16       0.208612       0.036410          MC, Sig_R(e_ks)    +-stat.err
            16       0.015002       0.003671          MC, Sig_I(e_ks)    +-stat.err
            16       0.705364                         MC, Z             
            16      -1.778243                         MC, Elin          
            16      -2.611279       0.034206          MC, E_qp           +-stat.err
            16       0.209611       0.033051          MC, Ei_qp          +-stat.err
 
  Time:  MC_STEP:             2 => time:     3.956636    
 
 ######## Accumulative # of Monte Carlo steps :  MC=         24 ######## 
 Completed Monte Carlo steps in each core : MC_STEP=          3
 
 
                    -0.880100                         E                 
                    -0.560828                         <V>               
            24      -2.042743       0.000000          MC, <X>            +-stat.err
            24      -0.247304       0.034435          MC, Sig_R(e_qp)    +-stat.err
            24       0.192193       0.038310          MC, Sig_R(e_ks)    +-stat.err
            24       0.015762       0.003001          MC, Sig_I(e_ks)    +-stat.err
            24       0.706867                         MC, Z             
            24      -1.791762                         MC, Elin          
            24      -2.609319       0.034435          MC, E_qp           +-stat.err
            24       0.208130       0.034580          MC, Ei_qp          +-stat.err
 
  Time:  MC_STEP:             3 => time:     4.792421    
 
 ######## Accumulative # of Monte Carlo steps :  MC=         32 ######## 
 Completed Monte Carlo steps in each core : MC_STEP=          4
 
 
                    -0.880100                         E                 
                    -0.560828                         <V>               
            32      -2.042743       0.000000          MC, <X>            +-stat.err
            32      -0.240798       0.028839          MC, Sig_R(e_qp)    +-stat.err
            32       0.180953       0.031399          MC, Sig_R(e_ks)    +-stat.err
            32       0.017209       0.002879          MC, Sig_I(e_ks)    +-stat.err
            32       0.714479                         MC, Z             
            32      -1.809610                         MC, Elin          
            32      -2.602813       0.028839          MC, E_qp           +-stat.err
            32       0.199828       0.029028          MC, Ei_qp          +-stat.err
 
  Time:  MC_STEP:             4 => time:     5.625183    
 
 ######## Accumulative # of Monte Carlo steps :  MC=         40 ######## 
 Completed Monte Carlo steps in each core : MC_STEP=          5
 
 
                    -0.880100                         E                 
                    -0.560828                         <V>               
            40      -2.042743       0.000000          MC, <X>            +-stat.err
            40      -0.231468       0.025129          MC, Sig_R(e_qp)    +-stat.err
            40       0.166057       0.027217          MC, Sig_R(e_ks)    +-stat.err
            40       0.017256       0.002808          MC, Sig_I(e_ks)    +-stat.err
            40       0.733215                         MC, Z             
            40      -1.844907                         MC, Elin          
            40      -2.593483       0.025129          MC, E_qp           +-stat.err
            40       0.186617       0.025201          MC, Ei_qp          +-stat.err
 
  Time:  MC_STEP:             5 => time:     6.458955    
 
 ######## Accumulative # of Monte Carlo steps :  MC=         48 ######## 
 Completed Monte Carlo steps in each core : MC_STEP=          6
 
 
                    -0.880100                         E                 
                    -0.560828                         <V>               
            48      -2.042743       0.000000          MC, <X>            +-stat.err
            48      -0.245285       0.023003          MC, Sig_R(e_qp)    +-stat.err
            48       0.187626       0.026772          MC, Sig_R(e_ks)    +-stat.err
            48       0.019157       0.002570          MC, Sig_I(e_ks)    +-stat.err
            48       0.717493                         MC, Z             
            48      -1.808743                         MC, Elin          
            48      -2.607301       0.023003          MC, E_qp           +-stat.err
            48       0.199558       0.022880          MC, Ei_qp          +-stat.err
 
  Time:  MC_STEP:             6 => time:     7.299237    
 
 ######## Accumulative # of Monte Carlo steps :  MC=         56 ######## 
 Completed Monte Carlo steps in each core : MC_STEP=          7
 
 
                    -0.880100                         E                 
                    -0.560828                         <V>               
            56      -2.042743       0.000000          MC, <X>            +-stat.err
            56      -0.257421       0.028230          MC, Sig_R(e_qp)    +-stat.err
            56       0.197158       0.026021          MC, Sig_R(e_ks)    +-stat.err
            56       0.018555       0.002427          MC, Sig_I(e_ks)    +-stat.err
            56       0.709397                         MC, Z             
            56      -1.791503                         MC, Elin          
            56      -2.619436       0.028230          MC, E_qp           +-stat.err
            56       0.213790       0.026218          MC, Ei_qp          +-stat.err
 
  Time:  MC_STEP:             7 => time:     8.139690    
 
 ######## Accumulative # of Monte Carlo steps :  MC=         64 ######## 
 Completed Monte Carlo steps in each core : MC_STEP=          8
 
 
                    -0.880100                         E                 
                    -0.560828                         <V>               
            64      -2.042743       0.000000          MC, <X>            +-stat.err
            64      -0.262466       0.025934          MC, Sig_R(e_qp)    +-stat.err
            64       0.202636       0.024055          MC, Sig_R(e_ks)    +-stat.err
            64       0.018526       0.002209          MC, Sig_I(e_ks)    +-stat.err
            64       0.708190                         MC, Z             
            64      -1.786072                         MC, Elin          
            64      -2.624481       0.025934          MC, E_qp           +-stat.err
            64       0.217697       0.024188          MC, Ei_qp          +-stat.err
 
  Time:  MC_STEP:             8 => time:     8.974604    
 
 ######## Accumulative # of Monte Carlo steps :  MC=         72 ######## 
 Completed Monte Carlo steps in each core : MC_STEP=          9
 
 
                    -0.880100                         E                 
                    -0.560828                         <V>               
            72      -2.042743       0.000000          MC, <X>            +-stat.err
            72      -0.264740       0.025142          MC, Sig_R(e_qp)    +-stat.err
            72       0.204130       0.023366          MC, Sig_R(e_ks)    +-stat.err
            72       0.018140       0.002193          MC, Sig_I(e_ks)    +-stat.err
            72       0.703793                         MC, Z             
            72      -1.779396                         MC, Elin          
            72      -2.626756       0.025142          MC, E_qp           +-stat.err
            72       0.221356       0.023506          MC, Ei_qp          +-stat.err
 
  Time:  MC_STEP:             9 => time:     9.813552    
 
 ######## Accumulative # of Monte Carlo steps :  MC=         80 ######## 
 Completed Monte Carlo steps in each core : MC_STEP=         10
 
 
                    -0.880100                         E                 
                    -0.560828                         <V>               
            80      -2.042743       0.000000          MC, <X>            +-stat.err
            80      -0.265936       0.023711          MC, Sig_R(e_qp)    +-stat.err
            80       0.208734       0.022166          MC, Sig_R(e_ks)    +-stat.err
            80       0.018403       0.002063          MC, Sig_I(e_ks)    +-stat.err
            80       0.700699                         MC, Z             
            80      -1.772217                         MC, Elin          
            80      -2.627951       0.023711          MC, E_qp           +-stat.err
            80       0.224247       0.022112          MC, Ei_qp          +-stat.err
 
  Time:  MC_STEP:            10 => time:     10.65253    
 
 ######## Accumulative # of Monte Carlo steps :  MC=         88 ######## 
 Completed Monte Carlo steps in each core : MC_STEP=         11
 
 
                    -0.880100                         E                 
                    -0.560828                         <V>               
            88      -2.042743       0.000000          MC, <X>            +-stat.err
            88      -0.260401       0.021885          MC, Sig_R(e_qp)    +-stat.err
            88       0.203730       0.020612          MC, Sig_R(e_ks)    +-stat.err
            88       0.018724       0.002026          MC, Sig_I(e_ks)    +-stat.err
            88       0.704885                         MC, Z             
            88      -1.781075                         MC, Elin          
            88      -2.622417       0.021885          MC, E_qp           +-stat.err
            88       0.219873       0.020427          MC, Ei_qp          +-stat.err
 
  Time:  MC_STEP:            11 => time:     11.48537    
 
 ######## Accumulative # of Monte Carlo steps :  MC=         96 ######## 
 Completed Monte Carlo steps in each core : MC_STEP=         12
 
 
                    -0.880100                         E                 
                    -0.560828                         <V>               
            96      -2.042743       0.000000          MC, <X>            +-stat.err
            96      -0.258693       0.020535          MC, Sig_R(e_qp)    +-stat.err
            96       0.200273       0.019267          MC, Sig_R(e_ks)    +-stat.err
            96       0.018524       0.001919          MC, Sig_I(e_ks)    +-stat.err
            96       0.709148                         MC, Z             
            96      -1.788975                         MC, Elin          
            96      -2.620709       0.020535          MC, E_qp           +-stat.err
            96       0.217036       0.019035          MC, Ei_qp          +-stat.err
 
  Time:  MC_STEP:            12 => time:     12.32086    
 
 ######## Accumulative # of Monte Carlo steps :  MC=        104 ######## 
 Completed Monte Carlo steps in each core : MC_STEP=         13
 
 
                    -0.880100                         E                 
                    -0.560828                         <V>               
           104      -2.042743       0.000000          MC, <X>            +-stat.err
           104      -0.257703       0.019360          MC, Sig_R(e_qp)    +-stat.err
           104       0.197880       0.018116          MC, Sig_R(e_ks)    +-stat.err
           104       0.018321       0.001793          MC, Sig_I(e_ks)    +-stat.err
           104       0.712514                         MC, Z             
           104      -1.794993                         MC, Elin          
           104      -2.619718       0.019360          MC, E_qp           +-stat.err
           104       0.215533       0.017934          MC, Ei_qp          +-stat.err
 
  Time:  MC_STEP:            13 => time:     13.15129    
 
 ######## Accumulative # of Monte Carlo steps :  MC=        112 ######## 
 Completed Monte Carlo steps in each core : MC_STEP=         14
 
 
                    -0.880100                         E                 
                    -0.560828                         <V>               
           112      -2.042743       0.000000          MC, <X>            +-stat.err
           112      -0.252301       0.018260          MC, Sig_R(e_qp)    +-stat.err
           112       0.188850       0.017144          MC, Sig_R(e_ks)    +-stat.err
           112       0.017687       0.001703          MC, Sig_I(e_ks)    +-stat.err
           112       0.718263                         MC, Z             
           112      -1.808861                         MC, Elin          
           112      -2.614317       0.018260          MC, E_qp           +-stat.err
           112       0.208828       0.016940          MC, Ei_qp          +-stat.err
 
  Time:  MC_STEP:            14 => time:     13.98559    
 
 ######## Accumulative # of Monte Carlo steps :  MC=        120 ######## 
 Completed Monte Carlo steps in each core : MC_STEP=         15
 
 
                    -0.880100                         E                 
                    -0.560828                         <V>               
           120      -2.042743       0.000000          MC, <X>            +-stat.err
           120      -0.251281       0.017254          MC, Sig_R(e_qp)    +-stat.err
           120       0.186898       0.016235          MC, Sig_R(e_ks)    +-stat.err
           120       0.017415       0.001608          MC, Sig_I(e_ks)    +-stat.err
           120       0.719182                         MC, Z             
           120      -1.811453                         MC, Elin          
           120      -2.613296       0.017254          MC, E_qp           +-stat.err
           120       0.209323       0.016046          MC, Ei_qp          +-stat.err
 
  Time:  MC_STEP:            15 => time:     14.82546    
 
 ######## Accumulative # of Monte Carlo steps :  MC=        128 ######## 
 Completed Monte Carlo steps in each core : MC_STEP=         16
 
 
                    -0.880100                         E                 
                    -0.560828                         <V>               
           128      -2.042743       0.000000          MC, <X>            +-stat.err
           128      -0.249273       0.016336          MC, Sig_R(e_qp)    +-stat.err
           128       0.184556       0.015436          MC, Sig_R(e_ks)    +-stat.err
           128       0.017369       0.001546          MC, Sig_I(e_ks)    +-stat.err
           128       0.722391                         MC, Z             
           128      -1.817301                         MC, Elin          
           128      -2.611288       0.016336          MC, E_qp           +-stat.err
           128       0.207000       0.015197          MC, Ei_qp          +-stat.err
 
  Time:  MC_STEP:            16 => time:     15.66119    
 
 ######## Accumulative # of Monte Carlo steps :  MC=        136 ######## 
 Completed Monte Carlo steps in each core : MC_STEP=         17
 
 
                    -0.880100                         E                 
                    -0.560828                         <V>               
           136      -2.042743       0.000000          MC, <X>            +-stat.err
           136      -0.249309       0.015552          MC, Sig_R(e_qp)    +-stat.err
           136       0.183852       0.014759          MC, Sig_R(e_ks)    +-stat.err
           136       0.017430       0.001482          MC, Sig_I(e_ks)    +-stat.err
           136       0.725017                         MC, Z             
           136      -1.821218                         MC, Elin          
           136      -2.611324       0.015552          MC, E_qp           +-stat.err
           136       0.206935       0.014485          MC, Ei_qp          +-stat.err
 
  Time:  MC_STEP:            17 => time:     16.49408    
 
 ######## Accumulative # of Monte Carlo steps :  MC=        144 ######## 
 Completed Monte Carlo steps in each core : MC_STEP=         18
 
 
                    -0.880100                         E                 
                    -0.560828                         <V>               
           144      -2.042743       0.000000          MC, <X>            +-stat.err
           144      -0.250827       0.014871          MC, Sig_R(e_qp)    +-stat.err
           144       0.184565       0.014261          MC, Sig_R(e_ks)    +-stat.err
           144       0.017259       0.001467          MC, Sig_I(e_ks)    +-stat.err
           144       0.723143                         MC, Z             
           144      -1.818270                         MC, Elin          
           144      -2.612842       0.014871          MC, E_qp           +-stat.err
           144       0.209401       0.013977          MC, Ei_qp          +-stat.err
 
  Time:  MC_STEP:            18 => time:     17.33115    
 
 ######## Accumulative # of Monte Carlo steps :  MC=        152 ######## 
 Completed Monte Carlo steps in each core : MC_STEP=         19
 
 
                    -0.880100                         E                 
                    -0.560828                         <V>               
           152      -2.042743       0.000000          MC, <X>            +-stat.err
           152      -0.251962       0.014642          MC, Sig_R(e_qp)    +-stat.err
           152       0.185324       0.013886          MC, Sig_R(e_ks)    +-stat.err
           152       0.016793       0.001437          MC, Sig_I(e_ks)    +-stat.err
           152       0.720934                         MC, Z             
           152      -1.814857                         MC, Elin          
           152      -2.613977       0.014642          MC, E_qp           +-stat.err
           152       0.210275       0.013647          MC, Ei_qp          +-stat.err
 
  Time:  MC_STEP:            19 => time:     18.17283    
 
 ######## Accumulative # of Monte Carlo steps :  MC=        160 ######## 
 Completed Monte Carlo steps in each core : MC_STEP=         20
 
 
                    -0.880100                         E                 
                    -0.560828                         <V>               
           160      -2.042743       0.000000          MC, <X>            +-stat.err
           160      -0.251529       0.014054          MC, Sig_R(e_qp)    +-stat.err
           160       0.185820       0.013498          MC, Sig_R(e_ks)    +-stat.err
           160       0.017574       0.001493          MC, Sig_I(e_ks)    +-stat.err
           160       0.722999                         MC, Z             
           160      -1.817175                         MC, Elin          
           160      -2.613544       0.014054          MC, E_qp           +-stat.err
           160       0.210073       0.013109          MC, Ei_qp          +-stat.err
 
  Time:  MC_STEP:            20 => time:     19.00590    
 
 ######## Accumulative # of Monte Carlo steps :  MC=        168 ######## 
 Completed Monte Carlo steps in each core : MC_STEP=         21
 
 
                    -0.880100                         E                 
                    -0.560828                         <V>               
           168      -2.042743       0.000000          MC, <X>            +-stat.err
           168      -0.249852       0.013509          MC, Sig_R(e_qp)    +-stat.err
           168       0.182995       0.012932          MC, Sig_R(e_ks)    +-stat.err
           168       0.017226       0.001449          MC, Sig_I(e_ks)    +-stat.err
           168       0.725219                         MC, Z             
           168      -1.822102                         MC, Elin          
           168      -2.611867       0.013509          MC, E_qp           +-stat.err
           168       0.208605       0.012573          MC, Ei_qp          +-stat.err
 
  Time:  MC_STEP:            21 => time:     19.84427    
 
 ######## Accumulative # of Monte Carlo steps :  MC=        176 ######## 
 Completed Monte Carlo steps in each core : MC_STEP=         22
 
 
                    -0.880100                         E                 
                    -0.560828                         <V>               
           176      -2.042743       0.000000          MC, <X>            +-stat.err
           176      -0.246022       0.013074          MC, Sig_R(e_qp)    +-stat.err
           176       0.176302       0.012579          MC, Sig_R(e_ks)    +-stat.err
           176       0.016783       0.001398          MC, Sig_I(e_ks)    +-stat.err
           176       0.730603                         MC, Z             
           176      -1.833985                         MC, Elin          
           176      -2.608038       0.013074          MC, E_qp           +-stat.err
           176       0.203856       0.012206          MC, Ei_qp          +-stat.err
 
  Time:  MC_STEP:            22 => time:     20.68909    
 
 ######## Accumulative # of Monte Carlo steps :  MC=        184 ######## 
 Completed Monte Carlo steps in each core : MC_STEP=         23
 
 
                    -0.880100                         E                 
                    -0.560828                         <V>               
           184      -2.042743       0.000000          MC, <X>            +-stat.err
           184      -0.245052       0.012620          MC, Sig_R(e_qp)    +-stat.err
           184       0.174769       0.012216          MC, Sig_R(e_ks)    +-stat.err
           184       0.016605       0.001356          MC, Sig_I(e_ks)    +-stat.err
           184       0.731754                         MC, Z             
           184      -1.836609                         MC, Elin          
           184      -2.607068       0.012620          MC, E_qp           +-stat.err
           184       0.202412       0.011797          MC, Ei_qp          +-stat.err
 
  Time:  MC_STEP:            23 => time:     21.52222    
 
 ######## Accumulative # of Monte Carlo steps :  MC=        192 ######## 
 Completed Monte Carlo steps in each core : MC_STEP=         24
 
 
                    -0.880100                         E                 
                    -0.560828                         <V>               
           192      -2.042743       0.000000          MC, <X>            +-stat.err
           192      -0.245383       0.012434          MC, Sig_R(e_qp)    +-stat.err
           192       0.172678       0.011885          MC, Sig_R(e_ks)    +-stat.err
           192       0.016599       0.001316          MC, Sig_I(e_ks)    +-stat.err
           192       0.730967                         MC, Z             
           192      -1.837110                         MC, Elin          
           192      -2.607398       0.012434          MC, E_qp           +-stat.err
           192       0.201711       0.011569          MC, Ei_qp          +-stat.err
 
  Time:  MC_STEP:            24 => time:     22.35401    
 
 ######## Accumulative # of Monte Carlo steps :  MC=        200 ######## 
 Completed Monte Carlo steps in each core : MC_STEP=         25
 
 
                    -0.880100                         E                 
                    -0.560828                         <V>               
           200      -2.042743       0.000000          MC, <X>            +-stat.err
           200      -0.246134       0.012335          MC, Sig_R(e_qp)    +-stat.err
           200       0.176016       0.012151          MC, Sig_R(e_ks)    +-stat.err
           200       0.016260       0.001300          MC, Sig_I(e_ks)    +-stat.err
           200       0.726950                         MC, Z             
           200      -1.829424                         MC, Elin          
           200      -2.608149       0.012335          MC, E_qp           +-stat.err
           200       0.203871       0.011676          MC, Ei_qp          +-stat.err
 
  Time:  MC_STEP:            25 => time:     23.19278    
 
 ######## Accumulative # of Monte Carlo steps :  MC=        208 ######## 
 Completed Monte Carlo steps in each core : MC_STEP=         26
 
 
                    -0.880100                         E                 
                    -0.560828                         <V>               
           208      -2.042743       0.000000          MC, <X>            +-stat.err
           208      -0.245845       0.012104          MC, Sig_R(e_qp)    +-stat.err
           208       0.174027       0.012045          MC, Sig_R(e_ks)    +-stat.err
           208       0.016088       0.001287          MC, Sig_I(e_ks)    +-stat.err
           208       0.727914                         MC, Z             
           208      -1.832130                         MC, Elin          
           208      -2.607861       0.012104          MC, E_qp           +-stat.err
           208       0.202798       0.011478          MC, Ei_qp          +-stat.err
 
  Time:  MC_STEP:            26 => time:     24.02615    
 
 ######## Accumulative # of Monte Carlo steps :  MC=        216 ######## 
 Completed Monte Carlo steps in each core : MC_STEP=         27
 
 
                    -0.880100                         E                 
                    -0.560828                         <V>               
           216      -2.042743       0.000000          MC, <X>            +-stat.err
           216      -0.245357       0.011737          MC, Sig_R(e_qp)    +-stat.err
           216       0.172774       0.011720          MC, Sig_R(e_ks)    +-stat.err
           216       0.015959       0.001254          MC, Sig_I(e_ks)    +-stat.err
           216       0.728918                         MC, Z             
           216      -1.834356                         MC, Elin          
           216      -2.607372       0.011737          MC, E_qp           +-stat.err
           216       0.202367       0.011140          MC, Ei_qp          +-stat.err
 
  Time:  MC_STEP:            27 => time:     24.86912    
 
 ######## Accumulative # of Monte Carlo steps :  MC=        224 ######## 
 Completed Monte Carlo steps in each core : MC_STEP=         28
 
 
                    -0.880100                         E                 
                    -0.560828                         <V>               
           224      -2.042743       0.000000          MC, <X>            +-stat.err
           224      -0.245677       0.011534          MC, Sig_R(e_qp)    +-stat.err
           224       0.174294       0.011893          MC, Sig_R(e_ks)    +-stat.err
           224       0.015787       0.001221          MC, Sig_I(e_ks)    +-stat.err
           224       0.726359                         MC, Z             
           224      -1.829903                         MC, Elin          
           224      -2.607692       0.011534          MC, E_qp           +-stat.err
           224       0.202561       0.010986          MC, Ei_qp          +-stat.err
 
  Time:  MC_STEP:            28 => time:     25.70128    
 
 ######## Accumulative # of Monte Carlo steps :  MC=        232 ######## 
 Completed Monte Carlo steps in each core : MC_STEP=         29
 
 
                    -0.880100                         E                 
                    -0.560828                         <V>               
           232      -2.042743       0.000000          MC, <X>            +-stat.err
           232      -0.246214       0.011578          MC, Sig_R(e_qp)    +-stat.err
           232       0.175294       0.011822          MC, Sig_R(e_ks)    +-stat.err
           232       0.015785       0.001201          MC, Sig_I(e_ks)    +-stat.err
           232       0.725622                         MC, Z             
           232      -1.828213                         MC, Elin          
           232      -2.608230       0.011578          MC, E_qp           +-stat.err
           232       0.203177       0.010974          MC, Ei_qp          +-stat.err
 
  Time:  MC_STEP:            29 => time:     26.53805    
 
 ######## Accumulative # of Monte Carlo steps :  MC=        240 ######## 
 Completed Monte Carlo steps in each core : MC_STEP=         30
 
 
                    -0.880100                         E                 
                    -0.560828                         <V>               
           240      -2.042743       0.000000          MC, <X>            +-stat.err
           240      -0.249677       0.011608          MC, Sig_R(e_qp)    +-stat.err
           240       0.179021       0.011649          MC, Sig_R(e_ks)    +-stat.err
           240       0.015908       0.001187          MC, Sig_I(e_ks)    +-stat.err
           240       0.723588                         MC, Z             
           240      -1.822859                         MC, Elin          
           240      -2.611692       0.011608          MC, E_qp           +-stat.err
           240       0.206934       0.010887          MC, Ei_qp          +-stat.err
 
  Time:  MC_STEP:            30 => time:     27.36708    
 
 ######## Accumulative # of Monte Carlo steps :  MC=        248 ######## 
 Completed Monte Carlo steps in each core : MC_STEP=         31
 
 
                    -0.880100                         E                 
                    -0.560828                         <V>               
           248      -2.042743       0.000000          MC, <X>            +-stat.err
           248      -0.249522       0.011307          MC, Sig_R(e_qp)    +-stat.err
           248       0.180225       0.011342          MC, Sig_R(e_ks)    +-stat.err
           248       0.016114       0.001175          MC, Sig_I(e_ks)    +-stat.err
           248       0.723174                         MC, Z             
           248      -1.821449                         MC, Elin          
           248      -2.611538       0.011307          MC, E_qp           +-stat.err
           248       0.207311       0.010595          MC, Ei_qp          +-stat.err
 
  Time:  MC_STEP:            31 => time:     28.20838    
 
 ######## Accumulative # of Monte Carlo steps :  MC=        256 ######## 
 Completed Monte Carlo steps in each core : MC_STEP=         32
 
 
                    -0.880100                         E                 
                    -0.560828                         <V>               
           256      -2.042743       0.000000          MC, <X>            +-stat.err
           256      -0.250278       0.011125          MC, Sig_R(e_qp)    +-stat.err
           256       0.181850       0.011166          MC, Sig_R(e_ks)    +-stat.err
           256       0.016203       0.001160          MC, Sig_I(e_ks)    +-stat.err
           256       0.722348                         MC, Z             
           256      -1.819200                         MC, Elin          
           256      -2.612293       0.011125          MC, E_qp           +-stat.err
           256       0.207949       0.010378          MC, Ei_qp          +-stat.err
 
  Time:  MC_STEP:            32 => time:     29.04147    
 
 ######## Accumulative # of Monte Carlo steps :  MC=        320 ######## 
 Completed Monte Carlo steps in each core : MC_STEP=         40
 
 
                    -0.880100                         E                 
                    -0.560828                         <V>               
           320      -2.042743       0.000000          MC, <X>            +-stat.err
           320      -0.253864       0.009958          MC, Sig_R(e_qp)    +-stat.err
           320       0.186625       0.010110          MC, Sig_R(e_ks)    +-stat.err
           320       0.015991       0.001024          MC, Sig_I(e_ks)    +-stat.err
           320       0.718659                         MC, Z             
           320      -1.810972                         MC, Elin          
           320      -2.615879       0.009958          MC, E_qp           +-stat.err
           320       0.212015       0.009276          MC, Ei_qp          +-stat.err
 
  Time:  MC_STEP:            40 => time:     35.61682    
 
 ######## Accumulative # of Monte Carlo steps :  MC=        384 ######## 
 Completed Monte Carlo steps in each core : MC_STEP=         48
 
 
                    -0.880100                         E                 
                    -0.560828                         <V>               
           384      -2.042743       0.000000          MC, <X>            +-stat.err
           384      -0.249969       0.008855          MC, Sig_R(e_qp)    +-stat.err
           384       0.181636       0.009050          MC, Sig_R(e_ks)    +-stat.err
           384       0.015982       0.000983          MC, Sig_I(e_ks)    +-stat.err
           384       0.722417                         MC, Z             
           384      -1.819444                         MC, Elin          
           384      -2.611985       0.008855          MC, E_qp           +-stat.err
           384       0.207983       0.008266          MC, Ei_qp          +-stat.err
 
  Time:  MC_STEP:            48 => time:     42.19799    
 
 ######## Accumulative # of Monte Carlo steps :  MC=        448 ######## 
 Completed Monte Carlo steps in each core : MC_STEP=         56
 
 
                    -0.880100                         E                 
                    -0.560828                         <V>               
           448      -2.042743       0.000000          MC, <X>            +-stat.err
           448      -0.249750       0.008060          MC, Sig_R(e_qp)    +-stat.err
           448       0.181417       0.008225          MC, Sig_R(e_ks)    +-stat.err
           448       0.015941       0.000904          MC, Sig_I(e_ks)    +-stat.err
           448       0.721987                         MC, Z             
           448      -1.819042                         MC, Elin          
           448      -2.611765       0.008060          MC, E_qp           +-stat.err
           448       0.207721       0.007525          MC, Ei_qp          +-stat.err
 
  Time:  MC_STEP:            56 => time:     48.79284    
 
 ######## Accumulative # of Monte Carlo steps :  MC=        512 ######## 
 Completed Monte Carlo steps in each core : MC_STEP=         64
 
 
                    -0.880100                         E                 
                    -0.560828                         <V>               
           512      -2.042743       0.000000          MC, <X>            +-stat.err
           512      -0.249999       0.007345          MC, Sig_R(e_qp)    +-stat.err
           512       0.180968       0.007532          MC, Sig_R(e_ks)    +-stat.err
           512       0.015466       0.000830          MC, Sig_I(e_ks)    +-stat.err
           512       0.719269                         MC, Z             
           512      -1.815830                         MC, Elin          
           512      -2.612014       0.007345          MC, E_qp           +-stat.err
           512       0.207721       0.006885          MC, Ei_qp          +-stat.err
 
  Time:  MC_STEP:            64 => time:     55.36712    
 
 ######## Accumulative # of Monte Carlo steps :  MC=        576 ######## 
 Completed Monte Carlo steps in each core : MC_STEP=         72
 
 
                    -0.880100                         E                 
                    -0.560828                         <V>               
           576      -2.042743       0.000000          MC, <X>            +-stat.err
           576      -0.250043       0.006797          MC, Sig_R(e_qp)    +-stat.err
           576       0.182345       0.006934          MC, Sig_R(e_ks)    +-stat.err
           576       0.015523       0.000785          MC, Sig_I(e_ks)    +-stat.err
           576       0.718210                         MC, Z             
           576      -1.813464                         MC, Elin          
           576      -2.612059       0.006797          MC, E_qp           +-stat.err
           576       0.209123       0.006347          MC, Ei_qp          +-stat.err
 
  Time:  MC_STEP:            72 => time:     61.96682    
 
 ######## Accumulative # of Monte Carlo steps :  MC=        640 ######## 
 Completed Monte Carlo steps in each core : MC_STEP=         80
 
 
                    -0.880100                         E                 
                    -0.560828                         <V>               
           640      -2.042743       0.000000          MC, <X>            +-stat.err
           640      -0.250731       0.006412          MC, Sig_R(e_qp)    +-stat.err
           640       0.182831       0.006632          MC, Sig_R(e_ks)    +-stat.err
           640       0.015659       0.000761          MC, Sig_I(e_ks)    +-stat.err
           640       0.718269                         MC, Z             
           640      -1.813192                         MC, Elin          
           640      -2.612746       0.006412          MC, E_qp           +-stat.err
           640       0.210136       0.006047          MC, Ei_qp          +-stat.err
 
  Time:  MC_STEP:            80 => time:     68.57072    
 
 ######## Accumulative # of Monte Carlo steps :  MC=        704 ######## 
 Completed Monte Carlo steps in each core : MC_STEP=         88
 
 
                    -0.880100                         E                 
                    -0.560828                         <V>               
           704      -2.042743       0.000000          MC, <X>            +-stat.err
           704      -0.252810       0.006075          MC, Sig_R(e_qp)    +-stat.err
           704       0.186042       0.006313          MC, Sig_R(e_ks)    +-stat.err
           704       0.015616       0.000718          MC, Sig_I(e_ks)    +-stat.err
           704       0.714642                         MC, Z             
           704      -1.806186                         MC, Elin          
           704      -2.614825       0.006075          MC, E_qp           +-stat.err
           704       0.212308       0.005748          MC, Ei_qp          +-stat.err
 
  Time:  MC_STEP:            88 => time:     75.16172    
 
 ######## Accumulative # of Monte Carlo steps :  MC=        768 ######## 
 Completed Monte Carlo steps in each core : MC_STEP=         96
 
 
                    -0.880100                         E                 
                    -0.560828                         <V>               
           768      -2.042743       0.000000          MC, <X>            +-stat.err
           768      -0.251972       0.005771          MC, Sig_R(e_qp)    +-stat.err
           768       0.185793       0.005977          MC, Sig_R(e_ks)    +-stat.err
           768       0.015633       0.000689          MC, Sig_I(e_ks)    +-stat.err
           768       0.714490                         MC, Z             
           768      -1.806166                         MC, Elin          
           768      -2.613987       0.005771          MC, E_qp           +-stat.err
           768       0.211565       0.005428          MC, Ei_qp          +-stat.err
 
  Time:  MC_STEP:            96 => time:     81.72721    
 
 ######## Accumulative # of Monte Carlo steps :  MC=        832 ######## 
 Completed Monte Carlo steps in each core : MC_STEP=        104
 
 
                    -0.880100                         E                 
                    -0.560828                         <V>               
           832      -2.042743       0.000000          MC, <X>            +-stat.err
           832      -0.253146       0.005492          MC, Sig_R(e_qp)    +-stat.err
           832       0.188742       0.005720          MC, Sig_R(e_ks)    +-stat.err
           832       0.015430       0.000667          MC, Sig_I(e_ks)    +-stat.err
           832       0.711190                         MC, Z             
           832      -1.799792                         MC, Elin          
           832      -2.615162       0.005492          MC, E_qp           +-stat.err
           832       0.213047       0.005172          MC, Ei_qp          +-stat.err
 
  Time:  MC_STEP:           104 => time:     88.30920    
 
 ######## Accumulative # of Monte Carlo steps :  MC=        896 ######## 
 Completed Monte Carlo steps in each core : MC_STEP=        112
 
 
                    -0.880100                         E                 
                    -0.560828                         <V>               
           896      -2.042743       0.000000          MC, <X>            +-stat.err
           896      -0.254653       0.005294          MC, Sig_R(e_qp)    +-stat.err
           896       0.190181       0.005524          MC, Sig_R(e_ks)    +-stat.err
           896       0.015501       0.000639          MC, Sig_I(e_ks)    +-stat.err
           896       0.710072                         MC, Z             
           896      -1.797325                         MC, Elin          
           896      -2.616668       0.005294          MC, E_qp           +-stat.err
           896       0.214300       0.004980          MC, Ei_qp          +-stat.err
 
  Time:  MC_STEP:           112 => time:     94.89714    
 
 ######## Accumulative # of Monte Carlo steps :  MC=        960 ######## 
 Completed Monte Carlo steps in each core : MC_STEP=        120
 
 
                    -0.880100                         E                 
                    -0.560828                         <V>               
           960      -2.042743       0.000000          MC, <X>            +-stat.err
           960      -0.253037       0.005087          MC, Sig_R(e_qp)    +-stat.err
           960       0.188020       0.005297          MC, Sig_R(e_ks)    +-stat.err
           960       0.015505       0.000609          MC, Sig_I(e_ks)    +-stat.err
           960       0.711910                         MC, Z             
           960      -1.801237                         MC, Elin          
           960      -2.615052       0.005087          MC, E_qp           +-stat.err
           960       0.212697       0.004792          MC, Ei_qp          +-stat.err
 
  Time:  MC_STEP:           120 => time:     101.4979    
 
 ######## Accumulative # of Monte Carlo steps :  MC=       1024 ######## 
 Completed Monte Carlo steps in each core : MC_STEP=        128
 
 
                    -0.880100                         E                 
                    -0.560828                         <V>               
          1024      -2.042743       0.000000          MC, <X>            +-stat.err
          1024      -0.252321       0.004916          MC, Sig_R(e_qp)    +-stat.err
          1024       0.187437       0.005128          MC, Sig_R(e_ks)    +-stat.err
          1024       0.015315       0.000589          MC, Sig_I(e_ks)    +-stat.err
          1024       0.711702                         MC, Z             
          1024      -1.801382                         MC, Elin          
          1024      -2.614336       0.004916          MC, E_qp           +-stat.err
          1024       0.212144       0.004629          MC, Ei_qp          +-stat.err
 
  Time:  MC_STEP:           128 => time:     108.0875    
  Time:  program end     108.0876    
