  ************************************************************** 
 
  Stochastic GW, v3.0 (Oct/2022) 
 
  ************************************************************** 
 
  Program uses:             8  cores 
  icounter =                0
  scratch_path=
 .                                                                                                   
  scratch_dir=
 ./GW_SCRATCH.0                                                                                      
  Details on the results are in : GW_WORK.0/details_output.txt
  
  Positions in bohr, read from: cnt.ini 
  Number of atoms :               4
  Number of elements:             1
 
  ############ NOW READING RANDOM SEED (KISS ALGORITHM) ############ 
 
   Using 2 files: 
   (I)  counter.inp, with 1 small integer (run counter) modifying seeds 
          run counter =            0
 
   (II) random.inp,  with              6  lines 
          format: line_s,  seed(1:4)          
            1      1328292723921723482       465843787610976291 
         1238272155852012       285837261819111683
            2      3445678193538273923       428101811812099199 
         3338291112838288       233457899181011188
            3      2232345667998282721       233448848321118821 
         2213897875588299       339222817193322919
            4      1292837426446364573       320382827374565487 
         3823347573727627       238475732726262611
            5      3363583475683236724       272234274865828822 
         2438274743767322       444567624677123262
            6      2236563722622622364       222822828282737372 
         4432211143786839       332274728281811811
  
  ############ READING PSEUDOPOTENTIAL FILES ############
 
  Reading pseudopotential file: C.pw-mt_fhi.UPF
  Finished reading PP 
 
  WARNING: potential problem in pseudopotential: <phi_L|phi_L> isnt 1:
  -> atom-charge 6 and L = 3: <phi_L|phi_L> =     1.098047
 
  Finished checking PP 
  Total charge:     16.00000    
 
  NOTE: deterministic tddft, # states modifed from            -1  to:  
            8
  ############# ECHO OF INPUT VARIABLES #############
  MC (total)            =         1024
  # MC_STEP (each core) =          128
  multiplicity (=nsp)   =            1
  work_dir:       = GW_WORK.0
  scratch_dir     = ./GW_SCRATCH.0
  centers units   = bohr
  flgdyn          =  F  i.e., W-RPA   
  det_tddft       =  T
  binary inp.     =  F
  periodic        =  T
  usegpu          =  T
  block_gam_alg   =  F
  scale_vh        =            1
  N_cores (mpi)   =            8
  buffer_size     =            1
  ntddft*nsp      =            8
  orb_indx        =            3
  PP:nrppmx       =         1200
  xc_type         =            2   (LIBXC# 1 12)                         
  projection      =  T
  ekcut           =    32.00000
  dt              =     0.05000
  gamma           =     0.06000
  sm              =     0.00010
  charge_net      =     0.00000
  nxi             =     10000
  segment_fraction=     0.00300
 
  ############ DETERMINED VARIABLES ############ 
  tmax         =    50.00000    
  nw           =         8192
  dw           =   1.5339808E-02
 
  ############## Grid parameters as read  from wf.txt   ############ 
  nx                      18
  ny                      30
  nz                     150
  n                    81000
  dx               0.254734
  dy               0.266023
  dz               0.266667
  dv               0.018071
 
  eorb = eigenvalue( state             3 ) =   -0.6612930    
 
 
  NOTE: memory requirements per core due to psi -- in GB    8.0080003E-02
 
  For atom type             1  intgrl[(-Z/r-vloc(r))d3r] =  
    2.673238861719250     
  shift due to pseudopotential    7.3052883238326725E-003
  segment width           244
 
  <phi|H|phi> computed from orbital from file:   -0.6611949    
                      vs. eorb read from file:   -0.6612930    
 
  Time:  preparation     5.412782    
 
 ######## Accumulative # of Monte Carlo steps :  MC=          8 ######## 
 Completed Monte Carlo steps in each core : MC_STEP=          1
 
 
                    -0.661195                         E                 
                    -0.569670                         <V>               
             8      -1.923316       0.000000          MC, <X>            +-stat.err
             8      -0.039078       0.092721          MC, Sig_R(e_qp)    +-stat.err
             8       0.196747       0.086757          MC, Sig_R(e_ks)    +-stat.err
             8       0.031800       0.014723          MC, Sig_I(e_ks)    +-stat.err
             8       0.781699                         MC, Z             
             8      -1.565542                         MC, Elin          
             8      -2.053919       0.092721          MC, E_qp           +-stat.err
             8       0.326375       0.114608          MC, Ei_qp          +-stat.err
 
  Time:  MC_STEP:             1 => time:     6.422792    
 
 ######## Accumulative # of Monte Carlo steps :  MC=         16 ######## 
 Completed Monte Carlo steps in each core : MC_STEP=          2
 
 
                    -0.661195                         E                 
                    -0.569670                         <V>               
            16      -1.923316       0.000000          MC, <X>            +-stat.err
            16      -0.032419       0.048961          MC, Sig_R(e_qp)    +-stat.err
            16       0.111772       0.054370          MC, Sig_R(e_ks)    +-stat.err
            16       0.022870       0.008266          MC, Sig_I(e_ks)    +-stat.err
            16       0.818631                         MC, Z             
            16      -1.677832                         MC, Elin          
            16      -2.047260       0.048961          MC, E_qp           +-stat.err
            16       0.243840       0.066303          MC, Ei_qp          +-stat.err
 
  Time:  MC_STEP:             2 => time:     7.289500    
 
 ######## Accumulative # of Monte Carlo steps :  MC=         24 ######## 
 Completed Monte Carlo steps in each core : MC_STEP=          3
 
 
                    -0.661195                         E                 
                    -0.569670                         <V>               
            24      -1.923316       0.000000          MC, <X>            +-stat.err
            24      -0.049112       0.035759          MC, Sig_R(e_qp)    +-stat.err
            24       0.074451       0.038780          MC, Sig_R(e_ks)    +-stat.err
            24       0.023941       0.006100          MC, Sig_I(e_ks)    +-stat.err
            24       0.845582                         MC, Z             
            24      -1.742859                         MC, Elin          
            24      -2.063952       0.035759          MC, E_qp           +-stat.err
            24       0.221951       0.049341          MC, Ei_qp          +-stat.err
 
  Time:  MC_STEP:             3 => time:     8.157767    
 
 ######## Accumulative # of Monte Carlo steps :  MC=         32 ######## 
 Completed Monte Carlo steps in each core : MC_STEP=          4
 
 
                    -0.661195                         E                 
                    -0.569670                         <V>               
            32      -1.923316       0.000000          MC, <X>            +-stat.err
            32      -0.056762       0.029491          MC, Sig_R(e_qp)    +-stat.err
            32       0.080683       0.030898          MC, Sig_R(e_ks)    +-stat.err
            32       0.023931       0.004917          MC, Sig_I(e_ks)    +-stat.err
            32       0.843784                         MC, Z             
            32      -1.735301                         MC, Elin          
            32      -2.071602       0.029491          MC, E_qp           +-stat.err
            32       0.236757       0.043846          MC, Ei_qp          +-stat.err
 
  Time:  MC_STEP:             4 => time:     9.035608    
 
 ######## Accumulative # of Monte Carlo steps :  MC=         40 ######## 
 Completed Monte Carlo steps in each core : MC_STEP=          5
 
 
                    -0.661195                         E                 
                    -0.569670                         <V>               
            40      -1.923316       0.000000          MC, <X>            +-stat.err
            40      -0.057564       0.024326          MC, Sig_R(e_qp)    +-stat.err
            40       0.068039       0.026369          MC, Sig_R(e_ks)    +-stat.err
            40       0.020594       0.004180          MC, Sig_I(e_ks)    +-stat.err
            40       0.843995                         MC, Z             
            40      -1.746240                         MC, Elin          
            40      -2.072404       0.024326          MC, E_qp           +-stat.err
            40       0.214529       0.037210          MC, Ei_qp          +-stat.err
 
  Time:  MC_STEP:             5 => time:     9.909909    
 
 ######## Accumulative # of Monte Carlo steps :  MC=         48 ######## 
 Completed Monte Carlo steps in each core : MC_STEP=          6
 
 
                    -0.661195                         E                 
                    -0.569670                         <V>               
            48      -1.923316       0.000000          MC, <X>            +-stat.err
            48      -0.054905       0.021754          MC, Sig_R(e_qp)    +-stat.err
            48       0.092321       0.030918          MC, Sig_R(e_ks)    +-stat.err
            48       0.022479       0.003802          MC, Sig_I(e_ks)    +-stat.err
            48       0.823611                         MC, Z             
            48      -1.700035                         MC, Elin          
            48      -2.069746       0.021754          MC, E_qp           +-stat.err
            48       0.245953       0.041786          MC, Ei_qp          +-stat.err
 
  Time:  MC_STEP:             6 => time:     10.77510    
 
 ######## Accumulative # of Monte Carlo steps :  MC=         56 ######## 
 Completed Monte Carlo steps in each core : MC_STEP=          7
 
 
                    -0.661195                         E                 
                    -0.569670                         <V>               
            56      -1.923316       0.000000          MC, <X>            +-stat.err
            56      -0.061869       0.023664          MC, Sig_R(e_qp)    +-stat.err
            56       0.105341       0.029284          MC, Sig_R(e_ks)    +-stat.err
            56       0.023893       0.003617          MC, Sig_I(e_ks)    +-stat.err
            56       0.807534                         MC, Z             
            56      -1.669243                         MC, Elin          
            56      -2.076710       0.023664          MC, E_qp           +-stat.err
            56       0.270951       0.040743          MC, Ei_qp          +-stat.err
 
  Time:  MC_STEP:             7 => time:     11.64612    
 
 ######## Accumulative # of Monte Carlo steps :  MC=         64 ######## 
 Completed Monte Carlo steps in each core : MC_STEP=          8
 
 
                    -0.661195                         E                 
                    -0.569670                         <V>               
            64      -1.923316       0.000000          MC, <X>            +-stat.err
            64      -0.060185       0.021164          MC, Sig_R(e_qp)    +-stat.err
            64       0.105589       0.026483          MC, Sig_R(e_ks)    +-stat.err
            64       0.023164       0.003239          MC, Sig_I(e_ks)    +-stat.err
            64       0.803944                         MC, Z             
            64      -1.664563                         MC, Elin          
            64      -2.075026       0.021164          MC, E_qp           +-stat.err
            64       0.274663       0.037234          MC, Ei_qp          +-stat.err
 
  Time:  MC_STEP:             8 => time:     12.50530    
 
 ######## Accumulative # of Monte Carlo steps :  MC=         72 ######## 
 Completed Monte Carlo steps in each core : MC_STEP=          9
 
 
                    -0.661195                         E                 
                    -0.569670                         <V>               
            72      -1.923316       0.000000          MC, <X>            +-stat.err
            72      -0.058827       0.019652          MC, Sig_R(e_qp)    +-stat.err
            72       0.098537       0.023878          MC, Sig_R(e_ks)    +-stat.err
            72       0.021924       0.002988          MC, Sig_I(e_ks)    +-stat.err
            72       0.808155                         MC, Z             
            72      -1.675518                         MC, Elin          
            72      -2.073668       0.019652          MC, E_qp           +-stat.err
            72       0.269259       0.034173          MC, Ei_qp          +-stat.err
 
  Time:  MC_STEP:             9 => time:     13.37442    
 
 ######## Accumulative # of Monte Carlo steps :  MC=         80 ######## 
 Completed Monte Carlo steps in each core : MC_STEP=         10
 
 
                    -0.661195                         E                 
                    -0.569670                         <V>               
            80      -1.923316       0.000000          MC, <X>            +-stat.err
            80      -0.055663       0.019320          MC, Sig_R(e_qp)    +-stat.err
            80       0.098131       0.021781          MC, Sig_R(e_ks)    +-stat.err
            80       0.021785       0.002776          MC, Sig_I(e_ks)    +-stat.err
            80       0.809877                         MC, Z             
            80      -1.678007                         MC, Elin          
            80      -2.070504       0.019320          MC, E_qp           +-stat.err
            80       0.264640       0.031330          MC, Ei_qp          +-stat.err
 
  Time:  MC_STEP:            10 => time:     14.24305    
 
 ######## Accumulative # of Monte Carlo steps :  MC=         88 ######## 
 Completed Monte Carlo steps in each core : MC_STEP=         11
 
 
                    -0.661195                         E                 
                    -0.569670                         <V>               
            88      -1.923316       0.000000          MC, <X>            +-stat.err
            88      -0.061178       0.018047          MC, Sig_R(e_qp)    +-stat.err
            88       0.106218       0.021535          MC, Sig_R(e_ks)    +-stat.err
            88       0.022618       0.002694          MC, Sig_I(e_ks)    +-stat.err
            88       0.805142                         MC, Z             
            88      -1.665552                         MC, Elin          
            88      -2.076019       0.018047          MC, E_qp           +-stat.err
            88       0.275463       0.031073          MC, Ei_qp          +-stat.err
 
  Time:  MC_STEP:            11 => time:     15.10108    
 
 ######## Accumulative # of Monte Carlo steps :  MC=         96 ######## 
 Completed Monte Carlo steps in each core : MC_STEP=         12
 
 
                    -0.661195                         E                 
                    -0.569670                         <V>               
            96      -1.923316       0.000000          MC, <X>            +-stat.err
            96      -0.058298       0.016778          MC, Sig_R(e_qp)    +-stat.err
            96       0.100667       0.020065          MC, Sig_R(e_ks)    +-stat.err
            96       0.021926       0.002512          MC, Sig_I(e_ks)    +-stat.err
            96       0.811050                         MC, Z             
            96      -1.677424                         MC, Elin          
            96      -2.073138       0.016778          MC, E_qp           +-stat.err
            96       0.264508       0.028751          MC, Ei_qp          +-stat.err
 
  Time:  MC_STEP:            12 => time:     15.96245    
 
 ######## Accumulative # of Monte Carlo steps :  MC=        104 ######## 
 Completed Monte Carlo steps in each core : MC_STEP=         13
 
 
                    -0.661195                         E                 
                    -0.569670                         <V>               
           104      -1.923316       0.000000          MC, <X>            +-stat.err
           104      -0.055428       0.015977          MC, Sig_R(e_qp)    +-stat.err
           104       0.097653       0.018931          MC, Sig_R(e_ks)    +-stat.err
           104       0.021288       0.002441          MC, Sig_I(e_ks)    +-stat.err
           104       0.810196                         MC, Z             
           104      -1.678795                         MC, Elin          
           104      -2.070268       0.015977          MC, E_qp           +-stat.err
           104       0.262374       0.027065          MC, Ei_qp          +-stat.err
 
  Time:  MC_STEP:            13 => time:     16.82740    
 
 ######## Accumulative # of Monte Carlo steps :  MC=        112 ######## 
 Completed Monte Carlo steps in each core : MC_STEP=         14
 
 
                    -0.661195                         E                 
                    -0.569670                         <V>               
           112      -1.923316       0.000000          MC, <X>            +-stat.err
           112      -0.058798       0.015335          MC, Sig_R(e_qp)    +-stat.err
           112       0.093481       0.018413          MC, Sig_R(e_ks)    +-stat.err
           112       0.021637       0.002410          MC, Sig_I(e_ks)    +-stat.err
           112       0.812106                         MC, Z             
           112      -1.684583                         MC, Elin          
           112      -2.073639       0.015335          MC, E_qp           +-stat.err
           112       0.259862       0.025973          MC, Ei_qp          +-stat.err
 
  Time:  MC_STEP:            14 => time:     17.69740    
 
 ######## Accumulative # of Monte Carlo steps :  MC=        120 ######## 
 Completed Monte Carlo steps in each core : MC_STEP=         15
 
 
                    -0.661195                         E                 
                    -0.569670                         <V>               
           120      -1.923316       0.000000          MC, <X>            +-stat.err
           120      -0.060853       0.014693          MC, Sig_R(e_qp)    +-stat.err
           120       0.093289       0.017441          MC, Sig_R(e_ks)    +-stat.err
           120       0.021573       0.002268          MC, Sig_I(e_ks)    +-stat.err
           120       0.809797                         MC, Z             
           120      -1.681829                         MC, Elin          
           120      -2.075694       0.014693          MC, E_qp           +-stat.err
           120       0.259720       0.024939          MC, Ei_qp          +-stat.err
 
  Time:  MC_STEP:            15 => time:     18.55739    
 
 ######## Accumulative # of Monte Carlo steps :  MC=        128 ######## 
 Completed Monte Carlo steps in each core : MC_STEP=         16
 
 
                    -0.661195                         E                 
                    -0.569670                         <V>               
           128      -1.923316       0.000000          MC, <X>            +-stat.err
           128      -0.061629       0.014034          MC, Sig_R(e_qp)    +-stat.err
           128       0.094672       0.016906          MC, Sig_R(e_ks)    +-stat.err
           128       0.021402       0.002184          MC, Sig_I(e_ks)    +-stat.err
           128       0.807648                         MC, Z             
           128      -1.678003                         MC, Elin          
           128      -2.076470       0.014034          MC, E_qp           +-stat.err
           128       0.262175       0.024193          MC, Ei_qp          +-stat.err
 
  Time:  MC_STEP:            16 => time:     19.42206    
 
 ######## Accumulative # of Monte Carlo steps :  MC=        136 ######## 
 Completed Monte Carlo steps in each core : MC_STEP=         17
 
 
                    -0.661195                         E                 
                    -0.569670                         <V>               
           136      -1.923316       0.000000          MC, <X>            +-stat.err
           136      -0.062404       0.013320          MC, Sig_R(e_qp)    +-stat.err
           136       0.091869       0.016121          MC, Sig_R(e_ks)    +-stat.err
           136       0.021119       0.002081          MC, Sig_I(e_ks)    +-stat.err
           136       0.812927                         MC, Z             
           136      -1.686928                         MC, Elin          
           136      -2.077245       0.013320          MC, E_qp           +-stat.err
           136       0.255664       0.023103          MC, Ei_qp          +-stat.err
 
  Time:  MC_STEP:            17 => time:     20.28280    
 
 ######## Accumulative # of Monte Carlo steps :  MC=        144 ######## 
 Completed Monte Carlo steps in each core : MC_STEP=         18
 
 
                    -0.661195                         E                 
                    -0.569670                         <V>               
           144      -1.923316       0.000000          MC, <X>            +-stat.err
           144      -0.055930       0.013190          MC, Sig_R(e_qp)    +-stat.err
           144       0.094386       0.016546          MC, Sig_R(e_ks)    +-stat.err
           144       0.021273       0.002130          MC, Sig_I(e_ks)    +-stat.err
           144       0.812329                         MC, Z             
           144      -1.684128                         MC, Elin          
           144      -2.070771       0.013190          MC, E_qp           +-stat.err
           144       0.253009       0.022123          MC, Ei_qp          +-stat.err
 
  Time:  MC_STEP:            18 => time:     21.14769    
 
 ######## Accumulative # of Monte Carlo steps :  MC=        152 ######## 
 Completed Monte Carlo steps in each core : MC_STEP=         19
 
 
                    -0.661195                         E                 
                    -0.569670                         <V>               
           152      -1.923316       0.000000          MC, <X>            +-stat.err
           152      -0.050132       0.013973          MC, Sig_R(e_qp)    +-stat.err
           152       0.094490       0.016018          MC, Sig_R(e_ks)    +-stat.err
           152       0.021156       0.002046          MC, Sig_I(e_ks)    +-stat.err
           152       0.811904                         MC, Z             
           152      -1.683509                         MC, Elin          
           152      -2.064973       0.013973          MC, E_qp           +-stat.err
           152       0.254323       0.021458          MC, Ei_qp          +-stat.err
 
  Time:  MC_STEP:            19 => time:     22.00612    
 
 ######## Accumulative # of Monte Carlo steps :  MC=        160 ######## 
 Completed Monte Carlo steps in each core : MC_STEP=         20
 
 
                    -0.661195                         E                 
                    -0.569670                         <V>               
           160      -1.923316       0.000000          MC, <X>            +-stat.err
           160      -0.049547       0.013344          MC, Sig_R(e_qp)    +-stat.err
           160       0.090084       0.015313          MC, Sig_R(e_ks)    +-stat.err
           160       0.020062       0.002003          MC, Sig_I(e_ks)    +-stat.err
           160       0.813539                         MC, Z             
           160      -1.689152                         MC, Elin          
           160      -2.064388       0.013344          MC, E_qp           +-stat.err
           160       0.248431       0.020560          MC, Ei_qp          +-stat.err
 
  Time:  MC_STEP:            20 => time:     22.87058    
 
 ######## Accumulative # of Monte Carlo steps :  MC=        168 ######## 
 Completed Monte Carlo steps in each core : MC_STEP=         21
 
 
                    -0.661195                         E                 
                    -0.569670                         <V>               
           168      -1.923316       0.000000          MC, <X>            +-stat.err
           168      -0.048600       0.012756          MC, Sig_R(e_qp)    +-stat.err
           168       0.089776       0.014660          MC, Sig_R(e_ks)    +-stat.err
           168       0.020082       0.001921          MC, Sig_I(e_ks)    +-stat.err
           168       0.813883                         MC, Z             
           168      -1.689838                         MC, Elin          
           168      -2.063440       0.012756          MC, E_qp           +-stat.err
           168       0.247237       0.019614          MC, Ei_qp          +-stat.err
 
  Time:  MC_STEP:            21 => time:     23.73351    
 
 ######## Accumulative # of Monte Carlo steps :  MC=        176 ######## 
 Completed Monte Carlo steps in each core : MC_STEP=         22
 
 
                    -0.661195                         E                 
                    -0.569670                         <V>               
           176      -1.923316       0.000000          MC, <X>            +-stat.err
           176      -0.048846       0.012201          MC, Sig_R(e_qp)    +-stat.err
           176       0.083822       0.014171          MC, Sig_R(e_ks)    +-stat.err
           176       0.019539       0.001849          MC, Sig_I(e_ks)    +-stat.err
           176       0.817554                         MC, Z             
           176      -1.699345                         MC, Elin          
           176      -2.063687       0.012201          MC, E_qp           +-stat.err
           176       0.241187       0.018882          MC, Ei_qp          +-stat.err
 
  Time:  MC_STEP:            22 => time:     24.62605    
 
 ######## Accumulative # of Monte Carlo steps :  MC=        184 ######## 
 Completed Monte Carlo steps in each core : MC_STEP=         23
 
 
                    -0.661195                         E                 
                    -0.569670                         <V>               
           184      -1.923316       0.000000          MC, <X>            +-stat.err
           184      -0.046148       0.011928          MC, Sig_R(e_qp)    +-stat.err
           184       0.081299       0.013664          MC, Sig_R(e_ks)    +-stat.err
           184       0.019356       0.001780          MC, Sig_I(e_ks)    +-stat.err
           184       0.820948                         MC, Z             
           184      -1.705726                         MC, Elin          
           184      -2.060989       0.011928          MC, E_qp           +-stat.err
           184       0.237651       0.018286          MC, Ei_qp          +-stat.err
 
  Time:  MC_STEP:            23 => time:     25.48400    
 
 ######## Accumulative # of Monte Carlo steps :  MC=        192 ######## 
 Completed Monte Carlo steps in each core : MC_STEP=         24
 
 
                    -0.661195                         E                 
                    -0.569670                         <V>               
           192      -1.923316       0.000000          MC, <X>            +-stat.err
           192      -0.046499       0.011529          MC, Sig_R(e_qp)    +-stat.err
           192       0.074412       0.013426          MC, Sig_R(e_ks)    +-stat.err
           192       0.018894       0.001720          MC, Sig_I(e_ks)    +-stat.err
           192       0.822092                         MC, Z             
           192      -1.712843                         MC, Elin          
           192      -2.061339       0.011529          MC, E_qp           +-stat.err
           192       0.234972       0.017667          MC, Ei_qp          +-stat.err
 
  Time:  MC_STEP:            24 => time:     26.34719    
 
 ######## Accumulative # of Monte Carlo steps :  MC=        200 ######## 
 Completed Monte Carlo steps in each core : MC_STEP=         25
 
 
                    -0.661195                         E                 
                    -0.569670                         <V>               
           200      -1.923316       0.000000          MC, <X>            +-stat.err
           200      -0.042179       0.011816          MC, Sig_R(e_qp)    +-stat.err
           200       0.080255       0.013595          MC, Sig_R(e_ks)    +-stat.err
           200       0.019162       0.001687          MC, Sig_I(e_ks)    +-stat.err
           200       0.819363                         MC, Z             
           200      -1.704564                         MC, Elin          
           200      -2.057020       0.011816          MC, E_qp           +-stat.err
           200       0.243547       0.018739          MC, Ei_qp          +-stat.err
 
  Time:  MC_STEP:            25 => time:     27.20949    
 
 ######## Accumulative # of Monte Carlo steps :  MC=        208 ######## 
 Completed Monte Carlo steps in each core : MC_STEP=         26
 
 
                    -0.661195                         E                 
                    -0.569670                         <V>               
           208      -1.923316       0.000000          MC, <X>            +-stat.err
           208      -0.040981       0.011545          MC, Sig_R(e_qp)    +-stat.err
           208       0.076404       0.013286          MC, Sig_R(e_ks)    +-stat.err
           208       0.018611       0.001639          MC, Sig_I(e_ks)    +-stat.err
           208       0.822072                         MC, Z             
           208      -1.711180                         MC, Elin          
           208      -2.055822       0.011545          MC, E_qp           +-stat.err
           208       0.238832       0.018245          MC, Ei_qp          +-stat.err
 
  Time:  MC_STEP:            26 => time:     28.07484    
 
 ######## Accumulative # of Monte Carlo steps :  MC=        216 ######## 
 Completed Monte Carlo steps in each core : MC_STEP=         27
 
 
                    -0.661195                         E                 
                    -0.569670                         <V>               
           216      -1.923316       0.000000          MC, <X>            +-stat.err
           216      -0.040317       0.011324          MC, Sig_R(e_qp)    +-stat.err
           216       0.076498       0.012920          MC, Sig_R(e_ks)    +-stat.err
           216       0.019141       0.001641          MC, Sig_I(e_ks)    +-stat.err
           216       0.825064                         MC, Z             
           216      -1.714924                         MC, Elin          
           216      -2.055158       0.011324          MC, E_qp           +-stat.err
           216       0.237439       0.017794          MC, Ei_qp          +-stat.err
 
  Time:  MC_STEP:            27 => time:     28.94315    
 
 ######## Accumulative # of Monte Carlo steps :  MC=        224 ######## 
 Completed Monte Carlo steps in each core : MC_STEP=         28
 
 
                    -0.661195                         E                 
                    -0.569670                         <V>               
           224      -1.923316       0.000000          MC, <X>            +-stat.err
           224      -0.039673       0.011135          MC, Sig_R(e_qp)    +-stat.err
           224       0.081290       0.013485          MC, Sig_R(e_ks)    +-stat.err
           224       0.019481       0.001636          MC, Sig_I(e_ks)    +-stat.err
           224       0.821149                         MC, Z             
           224      -1.705988                         MC, Elin          
           224      -2.054514       0.011135          MC, E_qp           +-stat.err
           224       0.243757       0.018328          MC, Ei_qp          +-stat.err
 
  Time:  MC_STEP:            28 => time:     29.81573    
 
 ######## Accumulative # of Monte Carlo steps :  MC=        232 ######## 
 Completed Monte Carlo steps in each core : MC_STEP=         29
 
 
                    -0.661195                         E                 
                    -0.569670                         <V>               
           232      -1.923316       0.000000          MC, <X>            +-stat.err
           232      -0.039498       0.010984          MC, Sig_R(e_qp)    +-stat.err
           232       0.080636       0.013107          MC, Sig_R(e_ks)    +-stat.err
           232       0.019243       0.001595          MC, Sig_I(e_ks)    +-stat.err
           232       0.820164                         MC, Z             
           232      -1.705272                         MC, Elin          
           232      -2.054338       0.010984          MC, E_qp           +-stat.err
           232       0.243715       0.017804          MC, Ei_qp          +-stat.err
 
  Time:  MC_STEP:            29 => time:     30.68509    
 
 ######## Accumulative # of Monte Carlo steps :  MC=        240 ######## 
 Completed Monte Carlo steps in each core : MC_STEP=         30
 
 
                    -0.661195                         E                 
                    -0.569670                         <V>               
           240      -1.923316       0.000000          MC, <X>            +-stat.err
           240      -0.040329       0.010734          MC, Sig_R(e_qp)    +-stat.err
           240       0.080284       0.012756          MC, Sig_R(e_ks)    +-stat.err
           240       0.019360       0.001580          MC, Sig_I(e_ks)    +-stat.err
           240       0.822916                         MC, Z             
           240      -1.709065                         MC, Elin          
           240      -2.055169       0.010734          MC, E_qp           +-stat.err
           240       0.242740       0.017351          MC, Ei_qp          +-stat.err
 
  Time:  MC_STEP:            30 => time:     31.54692    
 
 ######## Accumulative # of Monte Carlo steps :  MC=        248 ######## 
 Completed Monte Carlo steps in each core : MC_STEP=         31
 
 
                    -0.661195                         E                 
                    -0.569670                         <V>               
           248      -1.923316       0.000000          MC, <X>            +-stat.err
           248      -0.039219       0.010718          MC, Sig_R(e_qp)    +-stat.err
           248       0.082583       0.012406          MC, Sig_R(e_ks)    +-stat.err
           248       0.019400       0.001545          MC, Sig_I(e_ks)    +-stat.err
           248       0.821647                         MC, Z             
           248      -1.705561                         MC, Elin          
           248      -2.054060       0.010718          MC, E_qp           +-stat.err
           248       0.243640       0.016877          MC, Ei_qp          +-stat.err
 
  Time:  MC_STEP:            31 => time:     32.41682    
 
 ######## Accumulative # of Monte Carlo steps :  MC=        256 ######## 
 Completed Monte Carlo steps in each core : MC_STEP=         32
 
 
                    -0.661195                         E                 
                    -0.569670                         <V>               
           256      -1.923316       0.000000          MC, <X>            +-stat.err
           256      -0.037516       0.010900          MC, Sig_R(e_qp)    +-stat.err
           256       0.083737       0.012091          MC, Sig_R(e_ks)    +-stat.err
           256       0.019320       0.001507          MC, Sig_I(e_ks)    +-stat.err
           256       0.821101                         MC, Z             
           256      -1.703918                         MC, Elin          
           256      -2.052357       0.010900          MC, E_qp           +-stat.err
           256       0.244842       0.016463          MC, Ei_qp          +-stat.err
 
  Time:  MC_STEP:            32 => time:     33.28632    
 
 ######## Accumulative # of Monte Carlo steps :  MC=        320 ######## 
 Completed Monte Carlo steps in each core : MC_STEP=         40
 
 
                    -0.661195                         E                 
                    -0.569670                         <V>               
           320      -1.923316       0.000000          MC, <X>            +-stat.err
           320      -0.035006       0.009775          MC, Sig_R(e_qp)    +-stat.err
           320       0.089081       0.011521          MC, Sig_R(e_ks)    +-stat.err
           320       0.018695       0.001336          MC, Sig_I(e_ks)    +-stat.err
           320       0.814908                         MC, Z             
           320      -1.691699                         MC, Elin          
           320      -2.049846       0.009775          MC, E_qp           +-stat.err
           320       0.250279       0.015742          MC, Ei_qp          +-stat.err
 
  Time:  MC_STEP:            40 => time:     40.13003    
 
 ######## Accumulative # of Monte Carlo steps :  MC=        384 ######## 
 Completed Monte Carlo steps in each core : MC_STEP=         48
 
 
                    -0.661195                         E                 
                    -0.569670                         <V>               
           384      -1.923316       0.000000          MC, <X>            +-stat.err
           384      -0.036512       0.008635          MC, Sig_R(e_qp)    +-stat.err
           384       0.086476       0.010152          MC, Sig_R(e_ks)    +-stat.err
           384       0.018291       0.001215          MC, Sig_I(e_ks)    +-stat.err
           384       0.816040                         MC, Z             
           384      -1.695256                         MC, Elin          
           384      -2.051353       0.008635          MC, E_qp           +-stat.err
           384       0.243989       0.013723          MC, Ei_qp          +-stat.err
 
  Time:  MC_STEP:            48 => time:     46.96862    
 
 ######## Accumulative # of Monte Carlo steps :  MC=        448 ######## 
 Completed Monte Carlo steps in each core : MC_STEP=         56
 
 
                    -0.661195                         E                 
                    -0.569670                         <V>               
           448      -1.923316       0.000000          MC, <X>            +-stat.err
           448      -0.035793       0.007951          MC, Sig_R(e_qp)    +-stat.err
           448       0.086750       0.009083          MC, Sig_R(e_ks)    +-stat.err
           448       0.018678       0.001124          MC, Sig_I(e_ks)    +-stat.err
           448       0.820413                         MC, Z             
           448      -1.700573                         MC, Elin          
           448      -2.050634       0.007951          MC, E_qp           +-stat.err
           448       0.240632       0.012206          MC, Ei_qp          +-stat.err
 
  Time:  MC_STEP:            56 => time:     53.84861    
 
 ######## Accumulative # of Monte Carlo steps :  MC=        512 ######## 
 Completed Monte Carlo steps in each core : MC_STEP=         64
 
 
                    -0.661195                         E                 
                    -0.569670                         <V>               
           512      -1.923316       0.000000          MC, <X>            +-stat.err
           512      -0.037010       0.007505          MC, Sig_R(e_qp)    +-stat.err
           512       0.087018       0.008343          MC, Sig_R(e_ks)    +-stat.err
           512       0.018931       0.001079          MC, Sig_I(e_ks)    +-stat.err
           512       0.821993                         MC, Z             
           512      -1.702354                         MC, Elin          
           512      -2.051851       0.007505          MC, E_qp           +-stat.err
           512       0.240222       0.011181          MC, Ei_qp          +-stat.err
 
  Time:  MC_STEP:            64 => time:     60.68307    
 
 ######## Accumulative # of Monte Carlo steps :  MC=        576 ######## 
 Completed Monte Carlo steps in each core : MC_STEP=         72
 
 
                    -0.661195                         E                 
                    -0.569670                         <V>               
           576      -1.923316       0.000000          MC, <X>            +-stat.err
           576      -0.034823       0.007084          MC, Sig_R(e_qp)    +-stat.err
           576       0.090234       0.007926          MC, Sig_R(e_ks)    +-stat.err
           576       0.019053       0.001039          MC, Sig_I(e_ks)    +-stat.err
           576       0.820154                         MC, Z             
           576      -1.697387                         MC, Elin          
           576      -2.049664       0.007084          MC, E_qp           +-stat.err
           576       0.241944       0.010473          MC, Ei_qp          +-stat.err
 
  Time:  MC_STEP:            72 => time:     67.49909    
 
 ######## Accumulative # of Monte Carlo steps :  MC=        640 ######## 
 Completed Monte Carlo steps in each core : MC_STEP=         80
 
 
                    -0.661195                         E                 
                    -0.569670                         <V>               
           640      -1.923316       0.000000          MC, <X>            +-stat.err
           640      -0.032703       0.006641          MC, Sig_R(e_qp)    +-stat.err
           640       0.088820       0.007369          MC, Sig_R(e_ks)    +-stat.err
           640       0.018978       0.000975          MC, Sig_I(e_ks)    +-stat.err
           640       0.820626                         MC, Z             
           640      -1.699143                         MC, Elin          
           640      -2.047544       0.006641          MC, E_qp           +-stat.err
           640       0.241560       0.009805          MC, Ei_qp          +-stat.err
 
  Time:  MC_STEP:            80 => time:     74.34924    
 
 ######## Accumulative # of Monte Carlo steps :  MC=        704 ######## 
 Completed Monte Carlo steps in each core : MC_STEP=         88
 
 
                    -0.661195                         E                 
                    -0.569670                         <V>               
           704      -1.923316       0.000000          MC, <X>            +-stat.err
           704      -0.030926       0.006221          MC, Sig_R(e_qp)    +-stat.err
           704       0.092312       0.007067          MC, Sig_R(e_ks)    +-stat.err
           704       0.019164       0.000941          MC, Sig_I(e_ks)    +-stat.err
           704       0.818614                         MC, Z             
           704      -1.693741                         MC, Elin          
           704      -2.045767       0.006221          MC, E_qp           +-stat.err
           704       0.246901       0.009353          MC, Ei_qp          +-stat.err
 
  Time:  MC_STEP:            88 => time:     81.18369    
 
 ######## Accumulative # of Monte Carlo steps :  MC=        768 ######## 
 Completed Monte Carlo steps in each core : MC_STEP=         96
 
 
                    -0.661195                         E                 
                    -0.569670                         <V>               
           768      -1.923316       0.000000          MC, <X>            +-stat.err
           768      -0.031537       0.006060          MC, Sig_R(e_qp)    +-stat.err
           768       0.096067       0.006815          MC, Sig_R(e_ks)    +-stat.err
           768       0.019727       0.000933          MC, Sig_I(e_ks)    +-stat.err
           768       0.817837                         MC, Z             
           768      -1.689690                         MC, Elin          
           768      -2.046378       0.006060          MC, E_qp           +-stat.err
           768       0.248372       0.008923          MC, Ei_qp          +-stat.err
 
  Time:  MC_STEP:            96 => time:     88.01519    
 
 ######## Accumulative # of Monte Carlo steps :  MC=        832 ######## 
 Completed Monte Carlo steps in each core : MC_STEP=        104
 
 
                    -0.661195                         E                 
                    -0.569670                         <V>               
           832      -1.923316       0.000000          MC, <X>            +-stat.err
           832      -0.029821       0.005907          MC, Sig_R(e_qp)    +-stat.err
           832       0.100498       0.006648          MC, Sig_R(e_ks)    +-stat.err
           832       0.020176       0.000911          MC, Sig_I(e_ks)    +-stat.err
           832       0.815533                         MC, Z             
           832      -1.683178                         MC, Elin          
           832      -2.044661       0.005907          MC, E_qp           +-stat.err
           832       0.253662       0.008627          MC, Ei_qp          +-stat.err
 
  Time:  MC_STEP:           104 => time:     94.84534    
 
 ######## Accumulative # of Monte Carlo steps :  MC=        896 ######## 
 Completed Monte Carlo steps in each core : MC_STEP=        112
 
 
                    -0.661195                         E                 
                    -0.569670                         <V>               
           896      -1.923316       0.000000          MC, <X>            +-stat.err
           896      -0.030389       0.005722          MC, Sig_R(e_qp)    +-stat.err
           896       0.101930       0.006375          MC, Sig_R(e_ks)    +-stat.err
           896       0.020523       0.000900          MC, Sig_I(e_ks)    +-stat.err
           896       0.814622                         MC, Z             
           896      -1.680870                         MC, Elin          
           896      -2.045230       0.005722          MC, E_qp           +-stat.err
           896       0.255929       0.008291          MC, Ei_qp          +-stat.err
 
  Time:  MC_STEP:           112 => time:     101.7052    
 
 ######## Accumulative # of Monte Carlo steps :  MC=        960 ######## 
 Completed Monte Carlo steps in each core : MC_STEP=        120
 
 
                    -0.661195                         E                 
                    -0.569670                         <V>               
           960      -1.923316       0.000000          MC, <X>            +-stat.err
           960      -0.030723       0.005431          MC, Sig_R(e_qp)    +-stat.err
           960       0.100607       0.006131          MC, Sig_R(e_ks)    +-stat.err
           960       0.020483       0.000866          MC, Sig_I(e_ks)    +-stat.err
           960       0.815117                         MC, Z             
           960      -1.682568                         MC, Elin          
           960      -2.045564       0.005431          MC, E_qp           +-stat.err
           960       0.255427       0.008012          MC, Ei_qp          +-stat.err
 
  Time:  MC_STEP:           120 => time:     108.7548    
 
 ######## Accumulative # of Monte Carlo steps :  MC=       1024 ######## 
 Completed Monte Carlo steps in each core : MC_STEP=        128
 
 
                    -0.661195                         E                 
                    -0.569670                         <V>               
          1024      -1.923316       0.000000          MC, <X>            +-stat.err
          1024      -0.031528       0.005259          MC, Sig_R(e_qp)    +-stat.err
          1024       0.101774       0.005904          MC, Sig_R(e_ks)    +-stat.err
          1024       0.020655       0.000843          MC, Sig_I(e_ks)    +-stat.err
          1024       0.814216                         MC, Z             
          1024      -1.680489                         MC, Elin          
          1024      -2.046369       0.005259          MC, E_qp           +-stat.err
          1024       0.257222       0.007722          MC, Ei_qp          +-stat.err
 
  Time:  MC_STEP:           128 => time:     116.0841    
  Time:  program end     116.0842    
