
     Program PW2BGW v.7.1 starts on 28Mar2023 at 16:36:35 

     This program is part of the open-source Quantum ESPRESSO suite
     for quantum simulation of materials; please cite
         "P. Giannozzi et al., J. Phys.:Condens. Matter 21 395502 (2009);
         "P. Giannozzi et al., J. Phys.:Condens. Matter 29 465901 (2017);
         "P. Giannozzi et al., J. Chem. Phys. 152 154105 (2020);
          URL http://www.quantum-espresso.org", 
     in publications or presentations arising from this work. More details at
     http://www.quantum-espresso.org/quote

     Parallel version (MPI & OpenMP), running on       1 processor cores
     Number of MPI processes:                 1
     Threads/MPI process:                     1

     MPI processes distributed on     1 nodes
     460123 MiB available memory on the printing compute node when the environment starts


     Reading xml data from directory:

     ./h2.save/
     file H.pw-mt_fhi.UPF: wavefunction(s)  2p 3d renormalized

     IMPORTANT: XC functional enforced from input :
     Exchange-correlation= PBE
                           (   1   4   3   4   0   0   0)
     Any further DFT definition will be discarded
     Please, verify this is what you really want


     G-vector sticks info
     --------------------
     sticks:   dense  smooth     PW     G-vecs:    dense   smooth      PW
     Sum        2009    2009    497                67691    67691    8385

     Using Slab Decomposition

     Reading collected, re-writing distributed wavefunctions

     NLCC is absent

     call write_wfng
     done write_wfng

     call write_rhog
     done write_rhog


     write_wfng   :      0.01s CPU      0.02s WALL (       1 calls)
     write_rhog   :      0.00s CPU      0.00s WALL (       1 calls)

     PW2BGW       :      0.27s CPU      0.39s WALL


   This run was terminated on:  16:36:36  28Mar2023            

=------------------------------------------------------------------------------=
   JOB DONE.
=------------------------------------------------------------------------------=
