  ************************************************************** 
 
  Stochastic GW, v3.0 (Oct/2022) 
 
  ************************************************************** 
 
  Program uses:             8  cores 
  icounter =                0
  scratch_path=
 .                                                                                                   
  scratch_dir=
 ./GW_SCRATCH.0                                                                                      
  Details on the results are in : GW_WORK.0/details_output.txt
  
  Positions in bohr, read from: cnt.ini 
  Number of atoms :               8
  Number of elements:             2
 
  ############ NOW READING RANDOM SEED (KISS ALGORITHM) ############ 
 
   Using 2 files: 
   (I)  counter.inp, with 1 small integer (run counter) modifying seeds 
          run counter =            0
 
   (II) random.inp,  with              6  lines 
          format: line_s,  seed(1:4)          
            1      1328292723921723482       465843787610976291 
         1238272155852012       285837261819111683
            2      3445678193538273923       428101811812099199 
         3338291112838288       233457899181011188
            3      2232345667998282721       233448848321118821 
         2213897875588299       339222817193322919
            4      1292837426446364573       320382827374565487 
         3823347573727627       238475732726262611
            5      3363583475683236724       272234274865828822 
         2438274743767322       444567624677123262
            6      2236563722622622364       222822828282737372 
         4432211143786839       332274728281811811
  
  ############ READING PSEUDOPOTENTIAL FILES ############
 
  Reading pseudopotential file: B.pw-mt_fhi.UPF
  Reading pseudopotential file: N.pw-mt_fhi.UPF
  Finished reading PP 
 
  WARNING: potential problem in pseudopotential: <phi_L|phi_L> isnt 1:
  -> atom-charge 5 and L = 3: <phi_L|phi_L> =     1.098168
 
  WARNING: potential problem in pseudopotential: <phi_L|phi_L> isnt 1:
  -> atom-charge 7 and L = 3: <phi_L|phi_L> =     1.098322
 
  Finished checking PP 
  Total charge:     32.00000    
 
  ############# ECHO OF INPUT VARIABLES #############
  MC (total)            =         1024
  # MC_STEP (each core) =          128
  multiplicity (=nsp)   =            1
  work_dir:       = GW_WORK.0
  scratch_dir     = ./GW_SCRATCH.0
  centers units   = bohr
  flgdyn          =  F  i.e., W-RPA   
  det_tddft       =  F
  binary inp.     =  F
  periodic        =  T
  usegpu          =  T
  block_gam_alg   =  F
  scale_vh        =            1
  N_cores (mpi)   =            8
  buffer_size     =            1
  ntddft*nsp      =           32
  orb_indx        =           16
  PP:nrppmx       =         1200
  xc_type         =            2   (LIBXC# 1 12)                         
  projection      =  T
  ekcut           =    32.00000
  dt              =     0.05000
  gamma           =     0.06000
  sm              =     0.00010
  charge_net      =     0.00000
  nxi             =     10000
  segment_fraction=     0.00300
 
  ############ DETERMINED VARIABLES ############ 
  tmax         =    50.00000    
  nw           =         8192
  dw           =   1.5339808E-02
 
  ############## Grid parameters as read  from wf.txt   ############ 
  nx                      24
  ny                      24
  nz                     108
  n                    62208
  dx               0.379202
  dy               0.328248
  dz               0.370370
  dv               0.046101
 
  eorb = eigenvalue( state            16 ) =   -0.2114225    
 
 
  NOTE: memory requirements per core due to psi -- in GB    8.0080003E-02
 
  For atom type             1  intgrl[(-Z/r-vloc(r))d3r] =  
    2.985443680835055     
  For atom type             2  intgrl[(-Z/r-vloc(r))d3r] =  
    3.091754955502516     
  shift due to pseudopotential    8.4763459734151347E-003
  segment width           187
 
  <phi|H|phi> computed from orbital from file:   -0.2126369    
                      vs. eorb read from file:   -0.2114225    
 
  Time:  preparation     3.393546    
 
 ######## Accumulative # of Monte Carlo steps :  MC=          8 ######## 
 Completed Monte Carlo steps in each core : MC_STEP=          1
 
 
                    -0.212637                         E                 
                    -0.665677                         <V>               
             8      -1.283052       0.000000          MC, <X>            +-stat.err
             8       0.013523       0.032856          MC, Sig_R(e_qp)    +-stat.err
             8       0.048051       0.038083          MC, Sig_R(e_ks)    +-stat.err
             8       0.051586       0.016751          MC, Sig_I(e_ks)    +-stat.err
             8       0.616197                         MC, Z             
             8      -0.563452                         MC, Elin          
             8      -0.816488       0.032856          MC, E_qp           +-stat.err
             8       0.051688       0.035866          MC, Ei_qp          +-stat.err
 
  Time:  MC_STEP:             1 => time:     6.983933    
 
 ######## Accumulative # of Monte Carlo steps :  MC=         16 ######## 
 Completed Monte Carlo steps in each core : MC_STEP=          2
 
 
                    -0.212637                         E                 
                    -0.665677                         <V>               
            16      -1.283052       0.000000          MC, <X>            +-stat.err
            16       0.023339       0.022899          MC, Sig_R(e_qp)    +-stat.err
            16       0.059607       0.035928          MC, Sig_R(e_ks)    +-stat.err
            16       0.017635       0.015685          MC, Sig_I(e_ks)    +-stat.err
            16       0.676448                         MC, Z             
            16      -0.589938                         MC, Elin          
            16      -0.806672       0.022899          MC, E_qp           +-stat.err
            16       0.052012       0.021620          MC, Ei_qp          +-stat.err
 
  Time:  MC_STEP:             2 => time:     9.971386    
 
 ######## Accumulative # of Monte Carlo steps :  MC=         24 ######## 
 Completed Monte Carlo steps in each core : MC_STEP=          3
 
 
                    -0.212637                         E                 
                    -0.665677                         <V>               
            24      -1.283052       0.000000          MC, <X>            +-stat.err
            24       0.023698       0.019205          MC, Sig_R(e_qp)    +-stat.err
            24       0.069314       0.033573          MC, Sig_R(e_ks)    +-stat.err
            24       0.011542       0.011512          MC, Sig_I(e_ks)    +-stat.err
            24       0.674717                         MC, Z             
            24      -0.582423                         MC, Elin          
            24      -0.806313       0.019205          MC, E_qp           +-stat.err
            24       0.065976       0.018481          MC, Ei_qp          +-stat.err
 
  Time:  MC_STEP:             3 => time:     12.96147    
 
 ######## Accumulative # of Monte Carlo steps :  MC=         32 ######## 
 Completed Monte Carlo steps in each core : MC_STEP=          4
 
 
                    -0.212637                         E                 
                    -0.665677                         <V>               
            32      -1.283052       0.000000          MC, <X>            +-stat.err
            32       0.023702       0.017160          MC, Sig_R(e_qp)    +-stat.err
            32       0.093489       0.032150          MC, Sig_R(e_ks)    +-stat.err
            32       0.001268       0.009770          MC, Sig_I(e_ks)    +-stat.err
            32       0.660755                         MC, Z             
            32      -0.558797                         MC, Elin          
            32      -0.806310       0.017160          MC, E_qp           +-stat.err
            32       0.074138       0.015240          MC, Ei_qp          +-stat.err
 
  Time:  MC_STEP:             4 => time:     15.96106    
 
 ######## Accumulative # of Monte Carlo steps :  MC=         40 ######## 
 Completed Monte Carlo steps in each core : MC_STEP=          5
 
 
                    -0.212637                         E                 
                    -0.665677                         <V>               
            40      -1.283052       0.000000          MC, <X>            +-stat.err
            40       0.014886       0.014765          MC, Sig_R(e_qp)    +-stat.err
            40       0.058549       0.028181          MC, Sig_R(e_ks)    +-stat.err
            40      -0.000143       0.008166          MC, Sig_I(e_ks)    +-stat.err
            40       0.691936                         MC, Z             
            40      -0.599308                         MC, Elin          
            40      -0.815125       0.014765          MC, E_qp           +-stat.err
            40       0.063556       0.012742          MC, Ei_qp          +-stat.err
 
  Time:  MC_STEP:             5 => time:     18.97364    
 
 ######## Accumulative # of Monte Carlo steps :  MC=         48 ######## 
 Completed Monte Carlo steps in each core : MC_STEP=          6
 
 
                    -0.212637                         E                 
                    -0.665677                         <V>               
            48      -1.283052       0.000000          MC, <X>            +-stat.err
            48       0.020327       0.014907          MC, Sig_R(e_qp)    +-stat.err
            48       0.049747       0.024004          MC, Sig_R(e_ks)    +-stat.err
            48      -0.000701       0.006947          MC, Sig_I(e_ks)    +-stat.err
            48       0.711196                         MC, Z             
            48      -0.616331                         MC, Elin          
            48      -0.809685       0.014907          MC, E_qp           +-stat.err
            48       0.053598       0.011741          MC, Ei_qp          +-stat.err
 
  Time:  MC_STEP:             6 => time:     21.95250    
 
 ######## Accumulative # of Monte Carlo steps :  MC=         56 ######## 
 Completed Monte Carlo steps in each core : MC_STEP=          7
 
 
                    -0.212637                         E                 
                    -0.665677                         <V>               
            56      -1.283052       0.000000          MC, <X>            +-stat.err
            56       0.025826       0.014821          MC, Sig_R(e_qp)    +-stat.err
            56       0.062430       0.023845          MC, Sig_R(e_ks)    +-stat.err
            56       0.000288       0.006027          MC, Sig_I(e_ks)    +-stat.err
            56       0.699294                         MC, Z             
            56      -0.600706                         MC, Elin          
            56      -0.804186       0.014821          MC, E_qp           +-stat.err
            56       0.062961       0.011508          MC, Ei_qp          +-stat.err
 
  Time:  MC_STEP:             7 => time:     24.93132    
 
 ######## Accumulative # of Monte Carlo steps :  MC=         64 ######## 
 Completed Monte Carlo steps in each core : MC_STEP=          8
 
 
                    -0.212637                         E                 
                    -0.665677                         <V>               
            64      -1.283052       0.000000          MC, <X>            +-stat.err
            64       0.028679       0.013455          MC, Sig_R(e_qp)    +-stat.err
            64       0.069667       0.023400          MC, Sig_R(e_ks)    +-stat.err
            64      -0.004040       0.005859          MC, Sig_I(e_ks)    +-stat.err
            64       0.699032                         MC, Z             
            64      -0.595502                         MC, Elin          
            64      -0.801332       0.013455          MC, E_qp           +-stat.err
            64       0.063012       0.011006          MC, Ei_qp          +-stat.err
 
  Time:  MC_STEP:             8 => time:     27.90949    
 
 ######## Accumulative # of Monte Carlo steps :  MC=         72 ######## 
 Completed Monte Carlo steps in each core : MC_STEP=          9
 
 
                    -0.212637                         E                 
                    -0.665677                         <V>               
            72      -1.283052       0.000000          MC, <X>            +-stat.err
            72       0.028610       0.012039          MC, Sig_R(e_qp)    +-stat.err
            72       0.065286       0.021495          MC, Sig_R(e_ks)    +-stat.err
            72      -0.004692       0.005231          MC, Sig_I(e_ks)    +-stat.err
            72       0.708587                         MC, Z             
            72      -0.603840                         MC, Elin          
            72      -0.801402       0.012039          MC, E_qp           +-stat.err
            72       0.060735       0.010347          MC, Ei_qp          +-stat.err
 
  Time:  MC_STEP:             9 => time:     30.88824    
 
 ######## Accumulative # of Monte Carlo steps :  MC=         80 ######## 
 Completed Monte Carlo steps in each core : MC_STEP=         10
 
 
                    -0.212637                         E                 
                    -0.665677                         <V>               
            80      -1.283052       0.000000          MC, <X>            +-stat.err
            80       0.029625       0.011101          MC, Sig_R(e_qp)    +-stat.err
            80       0.066470       0.019987          MC, Sig_R(e_ks)    +-stat.err
            80      -0.004924       0.004775          MC, Sig_I(e_ks)    +-stat.err
            80       0.709253                         MC, Z             
            80      -0.603368                         MC, Elin          
            80      -0.800387       0.011101          MC, E_qp           +-stat.err
            80       0.057057       0.009732          MC, Ei_qp          +-stat.err
 
  Time:  MC_STEP:            10 => time:     33.87514    
 
 ######## Accumulative # of Monte Carlo steps :  MC=         88 ######## 
 Completed Monte Carlo steps in each core : MC_STEP=         11
 
 
                    -0.212637                         E                 
                    -0.665677                         <V>               
            88      -1.283052       0.000000          MC, <X>            +-stat.err
            88       0.029674       0.010773          MC, Sig_R(e_qp)    +-stat.err
            88       0.069349       0.018932          MC, Sig_R(e_ks)    +-stat.err
            88      -0.003620       0.004472          MC, Sig_I(e_ks)    +-stat.err
            88       0.704836                         MC, Z             
            88      -0.598905                         MC, Elin          
            88      -0.800337       0.010773          MC, E_qp           +-stat.err
            88       0.061695       0.009237          MC, Ei_qp          +-stat.err
 
  Time:  MC_STEP:            11 => time:     36.85981    
 
 ######## Accumulative # of Monte Carlo steps :  MC=         96 ######## 
 Completed Monte Carlo steps in each core : MC_STEP=         12
 
 
                    -0.212637                         E                 
                    -0.665677                         <V>               
            96      -1.283052       0.000000          MC, <X>            +-stat.err
            96       0.030389       0.010485          MC, Sig_R(e_qp)    +-stat.err
            96       0.068877       0.017443          MC, Sig_R(e_ks)    +-stat.err
            96      -0.005598       0.004318          MC, Sig_I(e_ks)    +-stat.err
            96       0.709590                         MC, Z             
            96      -0.601845                         MC, Elin          
            96      -0.799622       0.010485          MC, E_qp           +-stat.err
            96       0.061365       0.008549          MC, Ei_qp          +-stat.err
 
  Time:  MC_STEP:            12 => time:     39.83518    
 
 ######## Accumulative # of Monte Carlo steps :  MC=        104 ######## 
 Completed Monte Carlo steps in each core : MC_STEP=         13
 
 
                    -0.212637                         E                 
                    -0.665677                         <V>               
           104      -1.283052       0.000000          MC, <X>            +-stat.err
           104       0.028340       0.009985          MC, Sig_R(e_qp)    +-stat.err
           104       0.075140       0.017258          MC, Sig_R(e_ks)    +-stat.err
           104      -0.011761       0.005565          MC, Sig_I(e_ks)    +-stat.err
           104       0.714328                         MC, Z             
           104      -0.599970                         MC, Elin          
           104      -0.801671       0.009985          MC, E_qp           +-stat.err
           104       0.065770       0.008358          MC, Ei_qp          +-stat.err
 
  Time:  MC_STEP:            13 => time:     42.82808    
 
 ######## Accumulative # of Monte Carlo steps :  MC=        112 ######## 
 Completed Monte Carlo steps in each core : MC_STEP=         14
 
 
                    -0.212637                         E                 
                    -0.665677                         <V>               
           112      -1.283052       0.000000          MC, <X>            +-stat.err
           112       0.030395       0.009589          MC, Sig_R(e_qp)    +-stat.err
           112       0.069900       0.016191          MC, Sig_R(e_ks)    +-stat.err
           112      -0.011184       0.005214          MC, Sig_I(e_ks)    +-stat.err
           112       0.722683                         MC, Z             
           112      -0.608287                         MC, Elin          
           112      -0.799616       0.009589          MC, E_qp           +-stat.err
           112       0.063954       0.007985          MC, Ei_qp          +-stat.err
 
  Time:  MC_STEP:            14 => time:     45.81150    
 
 ######## Accumulative # of Monte Carlo steps :  MC=        120 ######## 
 Completed Monte Carlo steps in each core : MC_STEP=         15
 
 
                    -0.212637                         E                 
                    -0.665677                         <V>               
           120      -1.283052       0.000000          MC, <X>            +-stat.err
           120       0.030478       0.009098          MC, Sig_R(e_qp)    +-stat.err
           120       0.066535       0.015214          MC, Sig_R(e_ks)    +-stat.err
           120      -0.010587       0.004944          MC, Sig_I(e_ks)    +-stat.err
           120       0.725944                         MC, Z             
           120      -0.612515                         MC, Elin          
           120      -0.799533       0.009098          MC, E_qp           +-stat.err
           120       0.064029       0.007556          MC, Ei_qp          +-stat.err
 
  Time:  MC_STEP:            15 => time:     48.78948    
 
 ######## Accumulative # of Monte Carlo steps :  MC=        128 ######## 
 Completed Monte Carlo steps in each core : MC_STEP=         16
 
 
                    -0.212637                         E                 
                    -0.665677                         <V>               
           128      -1.283052       0.000000          MC, <X>            +-stat.err
           128       0.032650       0.008767          MC, Sig_R(e_qp)    +-stat.err
           128       0.064696       0.014384          MC, Sig_R(e_ks)    +-stat.err
           128      -0.009278       0.004690          MC, Sig_I(e_ks)    +-stat.err
           128       0.728402                         MC, Z             
           128      -0.615209                         MC, Elin          
           128      -0.797362       0.008767          MC, E_qp           +-stat.err
           128       0.061987       0.007405          MC, Ei_qp          +-stat.err
 
  Time:  MC_STEP:            16 => time:     51.77732    
 
 ######## Accumulative # of Monte Carlo steps :  MC=        136 ######## 
 Completed Monte Carlo steps in each core : MC_STEP=         17
 
 
                    -0.212637                         E                 
                    -0.665677                         <V>               
           136      -1.283052       0.000000          MC, <X>            +-stat.err
           136       0.033736       0.008642          MC, Sig_R(e_qp)    +-stat.err
           136       0.063087       0.013621          MC, Sig_R(e_ks)    +-stat.err
           136      -0.009073       0.004441          MC, Sig_I(e_ks)    +-stat.err
           136       0.729511                         MC, Z             
           136      -0.616996                         MC, Elin          
           136      -0.796275       0.008642          MC, E_qp           +-stat.err
           136       0.062751       0.007142          MC, Ei_qp          +-stat.err
 
  Time:  MC_STEP:            17 => time:     54.75985    
 
 ######## Accumulative # of Monte Carlo steps :  MC=        144 ######## 
 Completed Monte Carlo steps in each core : MC_STEP=         18
 
 
                    -0.212637                         E                 
                    -0.665677                         <V>               
           144      -1.283052       0.000000          MC, <X>            +-stat.err
           144       0.035758       0.008939          MC, Sig_R(e_qp)    +-stat.err
           144       0.065616       0.013602          MC, Sig_R(e_ks)    +-stat.err
           144      -0.009648       0.004355          MC, Sig_I(e_ks)    +-stat.err
           144       0.728683                         MC, Z             
           144      -0.614694                         MC, Elin          
           144      -0.794253       0.008939          MC, E_qp           +-stat.err
           144       0.061565       0.007677          MC, Ei_qp          +-stat.err
 
  Time:  MC_STEP:            18 => time:     57.74300    
 
 ######## Accumulative # of Monte Carlo steps :  MC=        152 ######## 
 Completed Monte Carlo steps in each core : MC_STEP=         19
 
 
                    -0.212637                         E                 
                    -0.665677                         <V>               
           152      -1.283052       0.000000          MC, <X>            +-stat.err
           152       0.035376       0.008515          MC, Sig_R(e_qp)    +-stat.err
           152       0.061903       0.013004          MC, Sig_R(e_ks)    +-stat.err
           152      -0.009684       0.004157          MC, Sig_I(e_ks)    +-stat.err
           152       0.735784                         MC, Z             
           152      -0.621344                         MC, Elin          
           152      -0.794635       0.008515          MC, E_qp           +-stat.err
           152       0.059144       0.007336          MC, Ei_qp          +-stat.err
 
  Time:  MC_STEP:            19 => time:     60.72226    
 
 ######## Accumulative # of Monte Carlo steps :  MC=        160 ######## 
 Completed Monte Carlo steps in each core : MC_STEP=         20
 
 
                    -0.212637                         E                 
                    -0.665677                         <V>               
           160      -1.283052       0.000000          MC, <X>            +-stat.err
           160       0.035833       0.008249          MC, Sig_R(e_qp)    +-stat.err
           160       0.061479       0.012605          MC, Sig_R(e_ks)    +-stat.err
           160      -0.009683       0.003961          MC, Sig_I(e_ks)    +-stat.err
           160       0.734833                         MC, Z             
           160      -0.621127                         MC, Elin          
           160      -0.794178       0.008249          MC, E_qp           +-stat.err
           160       0.059939       0.007085          MC, Ei_qp          +-stat.err
 
  Time:  MC_STEP:            20 => time:     63.70159    
 
 ######## Accumulative # of Monte Carlo steps :  MC=        168 ######## 
 Completed Monte Carlo steps in each core : MC_STEP=         21
 
 
                    -0.212637                         E                 
                    -0.665677                         <V>               
           168      -1.283052       0.000000          MC, <X>            +-stat.err
           168       0.035099       0.007962          MC, Sig_R(e_qp)    +-stat.err
           168       0.060881       0.012244          MC, Sig_R(e_ks)    +-stat.err
           168      -0.009435       0.003854          MC, Sig_I(e_ks)    +-stat.err
           168       0.735786                         MC, Z             
           168      -0.622097                         MC, Elin          
           168      -0.794912       0.007962          MC, E_qp           +-stat.err
           168       0.059199       0.006876          MC, Ei_qp          +-stat.err
 
  Time:  MC_STEP:            21 => time:     66.68552    
 
 ######## Accumulative # of Monte Carlo steps :  MC=        176 ######## 
 Completed Monte Carlo steps in each core : MC_STEP=         22
 
 
                    -0.212637                         E                 
                    -0.665677                         <V>               
           176      -1.283052       0.000000          MC, <X>            +-stat.err
           176       0.034869       0.007827          MC, Sig_R(e_qp)    +-stat.err
           176       0.059642       0.011839          MC, Sig_R(e_ks)    +-stat.err
           176      -0.008915       0.003725          MC, Sig_I(e_ks)    +-stat.err
           176       0.735350                         MC, Z             
           176      -0.622765                         MC, Elin          
           176      -0.795143       0.007827          MC, E_qp           +-stat.err
           176       0.058311       0.006633          MC, Ei_qp          +-stat.err
 
  Time:  MC_STEP:            22 => time:     69.67316    
 
 ######## Accumulative # of Monte Carlo steps :  MC=        184 ######## 
 Completed Monte Carlo steps in each core : MC_STEP=         23
 
 
                    -0.212637                         E                 
                    -0.665677                         <V>               
           184      -1.283052       0.000000          MC, <X>            +-stat.err
           184       0.035841       0.007678          MC, Sig_R(e_qp)    +-stat.err
           184       0.060543       0.011660          MC, Sig_R(e_ks)    +-stat.err
           184      -0.009524       0.003617          MC, Sig_I(e_ks)    +-stat.err
           184       0.737112                         MC, Z             
           184      -0.623084                         MC, Elin          
           184      -0.794170       0.007678          MC, E_qp           +-stat.err
           184       0.058336       0.006497          MC, Ei_qp          +-stat.err
 
  Time:  MC_STEP:            23 => time:     72.65211    
 
 ######## Accumulative # of Monte Carlo steps :  MC=        192 ######## 
 Completed Monte Carlo steps in each core : MC_STEP=         24
 
 
                    -0.212637                         E                 
                    -0.665677                         <V>               
           192      -1.283052       0.000000          MC, <X>            +-stat.err
           192       0.036006       0.007486          MC, Sig_R(e_qp)    +-stat.err
           192       0.061713       0.011532          MC, Sig_R(e_ks)    +-stat.err
           192      -0.008648       0.003617          MC, Sig_I(e_ks)    +-stat.err
           192       0.733578                         MC, Z             
           192      -0.620258                         MC, Elin          
           192      -0.794006       0.007486          MC, E_qp           +-stat.err
           192       0.058881       0.006503          MC, Ei_qp          +-stat.err
 
  Time:  MC_STEP:            24 => time:     75.62962    
 
 ######## Accumulative # of Monte Carlo steps :  MC=        200 ######## 
 Completed Monte Carlo steps in each core : MC_STEP=         25
 
 
                    -0.212637                         E                 
                    -0.665677                         <V>               
           200      -1.283052       0.000000          MC, <X>            +-stat.err
           200       0.036074       0.007370          MC, Sig_R(e_qp)    +-stat.err
           200       0.058668       0.011161          MC, Sig_R(e_ks)    +-stat.err
           200      -0.009587       0.003568          MC, Sig_I(e_ks)    +-stat.err
           200       0.739337                         MC, Z             
           200      -0.625709                         MC, Elin          
           200      -0.793937       0.007370          MC, E_qp           +-stat.err
           200       0.057005       0.006318          MC, Ei_qp          +-stat.err
 
  Time:  MC_STEP:            25 => time:     78.62094    
 
 ######## Accumulative # of Monte Carlo steps :  MC=        208 ######## 
 Completed Monte Carlo steps in each core : MC_STEP=         26
 
 
                    -0.212637                         E                 
                    -0.665677                         <V>               
           208      -1.283052       0.000000          MC, <X>            +-stat.err
           208       0.034840       0.007185          MC, Sig_R(e_qp)    +-stat.err
           208       0.055280       0.010818          MC, Sig_R(e_ks)    +-stat.err
           208      -0.009713       0.003442          MC, Sig_I(e_ks)    +-stat.err
           208       0.743836                         MC, Z             
           208      -0.630743                         MC, Elin          
           208      -0.795171       0.007185          MC, E_qp           +-stat.err
           208       0.056355       0.006140          MC, Ei_qp          +-stat.err
 
  Time:  MC_STEP:            26 => time:     81.60255    
 
 ######## Accumulative # of Monte Carlo steps :  MC=        216 ######## 
 Completed Monte Carlo steps in each core : MC_STEP=         27
 
 
                    -0.212637                         E                 
                    -0.665677                         <V>               
           216      -1.283052       0.000000          MC, <X>            +-stat.err
           216       0.035085       0.007188          MC, Sig_R(e_qp)    +-stat.err
           216       0.053841       0.010491          MC, Sig_R(e_ks)    +-stat.err
           216      -0.009417       0.003330          MC, Sig_I(e_ks)    +-stat.err
           216       0.745453                         MC, Z             
           216      -0.632725                         MC, Elin          
           216      -0.794927       0.007188          MC, E_qp           +-stat.err
           216       0.056125       0.006005          MC, Ei_qp          +-stat.err
 
  Time:  MC_STEP:            27 => time:     84.59388    
 
 ######## Accumulative # of Monte Carlo steps :  MC=        224 ######## 
 Completed Monte Carlo steps in each core : MC_STEP=         28
 
 
                    -0.212637                         E                 
                    -0.665677                         <V>               
           224      -1.283052       0.000000          MC, <X>            +-stat.err
           224       0.034336       0.007077          MC, Sig_R(e_qp)    +-stat.err
           224       0.052194       0.010206          MC, Sig_R(e_ks)    +-stat.err
           224      -0.009419       0.003232          MC, Sig_I(e_ks)    +-stat.err
           224       0.748405                         MC, Z             
           224      -0.635620                         MC, Elin          
           224      -0.795676       0.007077          MC, E_qp           +-stat.err
           224       0.055271       0.005807          MC, Ei_qp          +-stat.err
 
  Time:  MC_STEP:            28 => time:     87.57118    
 
 ######## Accumulative # of Monte Carlo steps :  MC=        232 ######## 
 Completed Monte Carlo steps in each core : MC_STEP=         29
 
 
                    -0.212637                         E                 
                    -0.665677                         <V>               
           232      -1.283052       0.000000          MC, <X>            +-stat.err
           232       0.033589       0.006938          MC, Sig_R(e_qp)    +-stat.err
           232       0.052163       0.009941          MC, Sig_R(e_ks)    +-stat.err
           232      -0.009098       0.003286          MC, Sig_I(e_ks)    +-stat.err
           232       0.747654                         MC, Z             
           232      -0.635219                         MC, Elin          
           232      -0.796423       0.006938          MC, E_qp           +-stat.err
           232       0.056712       0.005756          MC, Ei_qp          +-stat.err
 
  Time:  MC_STEP:            29 => time:     90.55089    
 
 ######## Accumulative # of Monte Carlo steps :  MC=        240 ######## 
 Completed Monte Carlo steps in each core : MC_STEP=         30
 
 
                    -0.212637                         E                 
                    -0.665677                         <V>               
           240      -1.283052       0.000000          MC, <X>            +-stat.err
           240       0.033898       0.006820          MC, Sig_R(e_qp)    +-stat.err
           240       0.052074       0.009716          MC, Sig_R(e_ks)    +-stat.err
           240      -0.009401       0.003204          MC, Sig_I(e_ks)    +-stat.err
           240       0.749141                         MC, Z             
           240      -0.636127                         MC, Elin          
           240      -0.796114       0.006820          MC, E_qp           +-stat.err
           240       0.055851       0.005624          MC, Ei_qp          +-stat.err
 
  Time:  MC_STEP:            30 => time:     93.53058    
 
 ######## Accumulative # of Monte Carlo steps :  MC=        248 ######## 
 Completed Monte Carlo steps in each core : MC_STEP=         31
 
 
                    -0.212637                         E                 
                    -0.665677                         <V>               
           248      -1.283052       0.000000          MC, <X>            +-stat.err
           248       0.034226       0.006712          MC, Sig_R(e_qp)    +-stat.err
           248       0.050848       0.009428          MC, Sig_R(e_ks)    +-stat.err
           248      -0.009467       0.003104          MC, Sig_I(e_ks)    +-stat.err
           248       0.752829                         MC, Z             
           248      -0.639134                         MC, Elin          
           248      -0.795785       0.006712          MC, E_qp           +-stat.err
           248       0.055820       0.005455          MC, Ei_qp          +-stat.err
 
  Time:  MC_STEP:            31 => time:     96.51372    
 
 ######## Accumulative # of Monte Carlo steps :  MC=        256 ######## 
 Completed Monte Carlo steps in each core : MC_STEP=         32
 
 
                    -0.212637                         E                 
                    -0.665677                         <V>               
           256      -1.283052       0.000000          MC, <X>            +-stat.err
           256       0.033823       0.006532          MC, Sig_R(e_qp)    +-stat.err
           256       0.051708       0.009339          MC, Sig_R(e_ks)    +-stat.err
           256      -0.009603       0.003040          MC, Sig_I(e_ks)    +-stat.err
           256       0.751834                         MC, Z             
           256      -0.637924                         MC, Elin          
           256      -0.796188       0.006532          MC, E_qp           +-stat.err
           256       0.055916       0.005346          MC, Ei_qp          +-stat.err
 
  Time:  MC_STEP:            32 => time:     99.51098    
 
 ######## Accumulative # of Monte Carlo steps :  MC=        320 ######## 
 Completed Monte Carlo steps in each core : MC_STEP=         40
 
 
                    -0.212637                         E                 
                    -0.665677                         <V>               
           320      -1.283052       0.000000          MC, <X>            +-stat.err
           320       0.034976       0.005821          MC, Sig_R(e_qp)    +-stat.err
           320       0.051319       0.007963          MC, Sig_R(e_ks)    +-stat.err
           320      -0.010092       0.002603          MC, Sig_I(e_ks)    +-stat.err
           320       0.755251                         MC, Z             
           320      -0.640150                         MC, Elin          
           320      -0.795035       0.005821          MC, E_qp           +-stat.err
           320       0.055278       0.004906          MC, Ei_qp          +-stat.err
 
  Time:  MC_STEP:            40 => time:     123.2953    
 
 ######## Accumulative # of Monte Carlo steps :  MC=        384 ######## 
 Completed Monte Carlo steps in each core : MC_STEP=         48
 
 
                    -0.212637                         E                 
                    -0.665677                         <V>               
           384      -1.283052       0.000000          MC, <X>            +-stat.err
           384       0.033763       0.005253          MC, Sig_R(e_qp)    +-stat.err
           384       0.045127       0.006953          MC, Sig_R(e_ks)    +-stat.err
           384      -0.008806       0.002267          MC, Sig_I(e_ks)    +-stat.err
           384       0.762191                         MC, Z             
           384      -0.648799                         MC, Elin          
           384      -0.796248       0.005253          MC, E_qp           +-stat.err
           384       0.053628       0.004298          MC, Ei_qp          +-stat.err
 
  Time:  MC_STEP:            48 => time:     147.0584    
 
 ######## Accumulative # of Monte Carlo steps :  MC=        448 ######## 
 Completed Monte Carlo steps in each core : MC_STEP=         56
 
 
                    -0.212637                         E                 
                    -0.665677                         <V>               
           448      -1.283052       0.000000          MC, <X>            +-stat.err
           448       0.033031       0.004775          MC, Sig_R(e_qp)    +-stat.err
           448       0.041093       0.006329          MC, Sig_R(e_ks)    +-stat.err
           448      -0.008134       0.002079          MC, Sig_I(e_ks)    +-stat.err
           448       0.767262                         MC, Z             
           448      -0.654796                         MC, Elin          
           448      -0.796981       0.004775          MC, E_qp           +-stat.err
           448       0.052489       0.003833          MC, Ei_qp          +-stat.err
 
  Time:  MC_STEP:            56 => time:     170.9710    
 
 ######## Accumulative # of Monte Carlo steps :  MC=        512 ######## 
 Completed Monte Carlo steps in each core : MC_STEP=         64
 
 
                    -0.212637                         E                 
                    -0.665677                         <V>               
           512      -1.283052       0.000000          MC, <X>            +-stat.err
           512       0.032747       0.004641          MC, Sig_R(e_qp)    +-stat.err
           512       0.038233       0.005905          MC, Sig_R(e_ks)    +-stat.err
           512      -0.007341       0.001927          MC, Sig_I(e_ks)    +-stat.err
           512       0.771204                         MC, Z             
           512      -0.659273                         MC, Elin          
           512      -0.797265       0.004641          MC, E_qp           +-stat.err
           512       0.053609       0.003699          MC, Ei_qp          +-stat.err
 
  Time:  MC_STEP:            64 => time:     194.7222    
 
 ######## Accumulative # of Monte Carlo steps :  MC=        576 ######## 
 Completed Monte Carlo steps in each core : MC_STEP=         72
 
 
                    -0.212637                         E                 
                    -0.665677                         <V>               
           576      -1.283052       0.000000          MC, <X>            +-stat.err
           576       0.032136       0.004337          MC, Sig_R(e_qp)    +-stat.err
           576       0.035741       0.005421          MC, Sig_R(e_ks)    +-stat.err
           576      -0.007202       0.001813          MC, Sig_I(e_ks)    +-stat.err
           576       0.775001                         MC, Z             
           576      -0.663404                         MC, Elin          
           576      -0.797875       0.004337          MC, E_qp           +-stat.err
           576       0.052494       0.003405          MC, Ei_qp          +-stat.err
 
  Time:  MC_STEP:            72 => time:     218.5097    
 
 ######## Accumulative # of Monte Carlo steps :  MC=        640 ######## 
 Completed Monte Carlo steps in each core : MC_STEP=         80
 
 
                    -0.212637                         E                 
                    -0.665677                         <V>               
           640      -1.283052       0.000000          MC, <X>            +-stat.err
           640       0.030108       0.004058          MC, Sig_R(e_qp)    +-stat.err
           640       0.032877       0.005102          MC, Sig_R(e_ks)    +-stat.err
           640      -0.006731       0.001716          MC, Sig_I(e_ks)    +-stat.err
           640       0.776598                         MC, Z             
           640      -0.666556                         MC, Elin          
           640      -0.799904       0.004058          MC, E_qp           +-stat.err
           640       0.050277       0.003213          MC, Ei_qp          +-stat.err
 
  Time:  MC_STEP:            80 => time:     242.2648    
 
 ######## Accumulative # of Monte Carlo steps :  MC=        704 ######## 
 Completed Monte Carlo steps in each core : MC_STEP=         88
 
 
                    -0.212637                         E                 
                    -0.665677                         <V>               
           704      -1.283052       0.000000          MC, <X>            +-stat.err
           704       0.027676       0.003818          MC, Sig_R(e_qp)    +-stat.err
           704       0.031469       0.004899          MC, Sig_R(e_ks)    +-stat.err
           704      -0.007409       0.001609          MC, Sig_I(e_ks)    +-stat.err
           704       0.777870                         MC, Z             
           704      -0.668395                         MC, Elin          
           704      -0.802336       0.003818          MC, E_qp           +-stat.err
           704       0.050722       0.003027          MC, Ei_qp          +-stat.err
 
  Time:  MC_STEP:            88 => time:     266.1238    
 
 ######## Accumulative # of Monte Carlo steps :  MC=        768 ######## 
 Completed Monte Carlo steps in each core : MC_STEP=         96
 
 
                    -0.212637                         E                 
                    -0.665677                         <V>               
           768      -1.283052       0.000000          MC, <X>            +-stat.err
           768       0.028785       0.003728          MC, Sig_R(e_qp)    +-stat.err
           768       0.030988       0.004622          MC, Sig_R(e_ks)    +-stat.err
           768      -0.006817       0.001541          MC, Sig_I(e_ks)    +-stat.err
           768       0.777929                         MC, Z             
           768      -0.668804                         MC, Elin          
           768      -0.801226       0.003728          MC, E_qp           +-stat.err
           768       0.050749       0.002861          MC, Ei_qp          +-stat.err
 
  Time:  MC_STEP:            96 => time:     290.9552    
 
 ######## Accumulative # of Monte Carlo steps :  MC=        832 ######## 
 Completed Monte Carlo steps in each core : MC_STEP=        104
 
 
                    -0.212637                         E                 
                    -0.665677                         <V>               
           832      -1.283052       0.000000          MC, <X>            +-stat.err
           832       0.029021       0.003557          MC, Sig_R(e_qp)    +-stat.err
           832       0.029714       0.004493          MC, Sig_R(e_ks)    +-stat.err
           832      -0.006925       0.001460          MC, Sig_I(e_ks)    +-stat.err
           832       0.780782                         MC, Z             
           832      -0.671471                         MC, Elin          
           832      -0.800990       0.003557          MC, E_qp           +-stat.err
           832       0.050067       0.002767          MC, Ei_qp          +-stat.err
 
  Time:  MC_STEP:           104 => time:     315.4083    
 
 ######## Accumulative # of Monte Carlo steps :  MC=        896 ######## 
 Completed Monte Carlo steps in each core : MC_STEP=        112
 
 
                    -0.212637                         E                 
                    -0.665677                         <V>               
           896      -1.283052       0.000000          MC, <X>            +-stat.err
           896       0.027413       0.003431          MC, Sig_R(e_qp)    +-stat.err
           896       0.029324       0.004432          MC, Sig_R(e_ks)    +-stat.err
           896      -0.006989       0.001397          MC, Sig_I(e_ks)    +-stat.err
           896       0.779574                         MC, Z             
           896      -0.671065                         MC, Elin          
           896      -0.802598       0.003431          MC, E_qp           +-stat.err
           896       0.050752       0.002710          MC, Ei_qp          +-stat.err
 
  Time:  MC_STEP:           112 => time:     339.1938    
 
 ######## Accumulative # of Monte Carlo steps :  MC=        960 ######## 
 Completed Monte Carlo steps in each core : MC_STEP=        120
 
 
                    -0.212637                         E                 
                    -0.665677                         <V>               
           960      -1.283052       0.000000          MC, <X>            +-stat.err
           960       0.027400       0.003329          MC, Sig_R(e_qp)    +-stat.err
           960       0.028020       0.004232          MC, Sig_R(e_ks)    +-stat.err
           960      -0.006430       0.001328          MC, Sig_I(e_ks)    +-stat.err
           960       0.780070                         MC, Z             
           960      -0.672374                         MC, Elin          
           960      -0.802611       0.003329          MC, E_qp           +-stat.err
           960       0.050453       0.002633          MC, Ei_qp          +-stat.err
 
  Time:  MC_STEP:           120 => time:     362.9493    
 
 ######## Accumulative # of Monte Carlo steps :  MC=       1024 ######## 
 Completed Monte Carlo steps in each core : MC_STEP=        128
 
 
                    -0.212637                         E                 
                    -0.665677                         <V>               
          1024      -1.283052       0.000000          MC, <X>            +-stat.err
          1024       0.027966       0.003303          MC, Sig_R(e_qp)    +-stat.err
          1024       0.028325       0.004179          MC, Sig_R(e_ks)    +-stat.err
          1024      -0.006785       0.001280          MC, Sig_I(e_ks)    +-stat.err
          1024       0.781196                         MC, Z             
          1024      -0.672800                         MC, Elin          
          1024      -0.802045       0.003303          MC, E_qp           +-stat.err
          1024       0.050509       0.002557          MC, Ei_qp          +-stat.err
 
  Time:  MC_STEP:           128 => time:     386.7103    
  Time:  program end     386.7103    
